2020-11-30 11:27:13,434 ERROR SOFA-SEV-BOLT-BIZ-22200-3-T1     - Error when load extension of extensible interface com.alipay.sofa.rpc.codec.Serializer with alias: json.
com.alipay.sofa.rpc.core.exception.SofaRpcRuntimeException: create com.alipay.sofa.rpc.codec.jackson.JacksonSerializer instance error
	at com.alipay.sofa.rpc.ext.ExtensionClass.getExtInstance(ExtensionClass.java:115)
	at com.alipay.sofa.rpc.ext.ExtensionClass.getExtInstance(ExtensionClass.java:89)
	at com.alipay.sofa.rpc.codec.SerializerFactory$1.onLoad(SerializerFactory.java:58)
	at com.alipay.sofa.rpc.ext.ExtensionLoader.loadSuccess(ExtensionLoader.java:359)
	at com.alipay.sofa.rpc.ext.ExtensionLoader.readLine(ExtensionLoader.java:342)
	at com.alipay.sofa.rpc.ext.ExtensionLoader.loadFromClassLoader(ExtensionLoader.java:184)
	at com.alipay.sofa.rpc.ext.ExtensionLoader.loadFromFile(ExtensionLoader.java:158)
	at com.alipay.sofa.rpc.ext.ExtensionLoader.<init>(ExtensionLoader.java:141)
	at com.alipay.sofa.rpc.ext.ExtensionLoader.<init>(ExtensionLoader.java:91)
	at com.alipay.sofa.rpc.ext.ExtensionLoaderFactory.getExtensionLoader(ExtensionLoaderFactory.java:50)
	at com.alipay.sofa.rpc.codec.SerializerFactory.buildLoader(SerializerFactory.java:53)
	at com.alipay.sofa.rpc.codec.SerializerFactory.<clinit>(SerializerFactory.java:50)
	at com.alipay.sofa.rpc.codec.bolt.SofaRpcSerialization.deserializeContent(SofaRpcSerialization.java:263)
	at com.alipay.remoting.rpc.protocol.RpcRequestCommand.deserializeContent(RpcRequestCommand.java:144)
	at com.alipay.remoting.rpc.RpcCommand.deserialize(RpcCommand.java:117)
	at com.alipay.remoting.rpc.RpcCommand.deserialize(RpcCommand.java:138)
	at com.alipay.remoting.rpc.protocol.RpcRequestProcessor.deserializeRequestCommand(RpcRequestProcessor.java:264)
	at com.alipay.remoting.rpc.protocol.RpcRequestProcessor.doProcess(RpcRequestProcessor.java:142)
	at com.alipay.remoting.rpc.protocol.RpcRequestProcessor$ProcessTask.run(RpcRequestProcessor.java:371)
	at java.util.concurrent.ThreadPoolExecutor.runWorker(ThreadPoolExecutor.java:1142)
	at java.util.concurrent.ThreadPoolExecutor$Worker.run(ThreadPoolExecutor.java:617)
	at java.lang.Thread.run(Thread.java:745)
Caused by: com.alipay.sofa.rpc.core.exception.SofaRpcRuntimeException: null
	at com.alipay.sofa.rpc.common.utils.ClassUtils.newInstance(ClassUtils.java:181)
	at com.alipay.sofa.rpc.common.utils.ClassUtils.newInstanceWithArgs(ClassUtils.java:198)
	at com.alipay.sofa.rpc.ext.ExtensionClass.getExtInstance(ExtensionClass.java:106)
	... 21 common frames omitted
Caused by: java.lang.reflect.InvocationTargetException: null
	at sun.reflect.NativeConstructorAccessorImpl.newInstance0(Native Method)
	at sun.reflect.NativeConstructorAccessorImpl.newInstance(NativeConstructorAccessorImpl.java:62)
	at sun.reflect.DelegatingConstructorAccessorImpl.newInstance(DelegatingConstructorAccessorImpl.java:45)
	at java.lang.reflect.Constructor.newInstance(Constructor.java:408)
	at com.alipay.sofa.rpc.common.utils.ClassUtils.newInstance(ClassUtils.java:177)
	... 23 common frames omitted
Caused by: java.lang.NoClassDefFoundError: com/fasterxml/jackson/databind/ObjectMapper
	at com.alipay.sofa.rpc.codec.jackson.JacksonSerializer.<init>(JacksonSerializer.java:60)
	... 28 common frames omitted
2020-11-30 11:32:54,575 ERROR SOFA-SEV-BOLT-BIZ-22200-3-T1     - Error when load extension of extensible interface com.alipay.sofa.rpc.codec.Serializer with alias: json.
com.alipay.sofa.rpc.core.exception.SofaRpcRuntimeException: create com.alipay.sofa.rpc.codec.jackson.JacksonSerializer instance error
	at com.alipay.sofa.rpc.ext.ExtensionClass.getExtInstance(ExtensionClass.java:115)
	at com.alipay.sofa.rpc.ext.ExtensionClass.getExtInstance(ExtensionClass.java:89)
	at com.alipay.sofa.rpc.codec.SerializerFactory$1.onLoad(SerializerFactory.java:58)
	at com.alipay.sofa.rpc.ext.ExtensionLoader.loadSuccess(ExtensionLoader.java:359)
	at com.alipay.sofa.rpc.ext.ExtensionLoader.readLine(ExtensionLoader.java:342)
	at com.alipay.sofa.rpc.ext.ExtensionLoader.loadFromClassLoader(ExtensionLoader.java:184)
	at com.alipay.sofa.rpc.ext.ExtensionLoader.loadFromFile(ExtensionLoader.java:158)
	at com.alipay.sofa.rpc.ext.ExtensionLoader.<init>(ExtensionLoader.java:141)
	at com.alipay.sofa.rpc.ext.ExtensionLoader.<init>(ExtensionLoader.java:91)
	at com.alipay.sofa.rpc.ext.ExtensionLoaderFactory.getExtensionLoader(ExtensionLoaderFactory.java:50)
	at com.alipay.sofa.rpc.codec.SerializerFactory.buildLoader(SerializerFactory.java:53)
	at com.alipay.sofa.rpc.codec.SerializerFactory.<clinit>(SerializerFactory.java:50)
	at com.alipay.sofa.rpc.codec.bolt.SofaRpcSerialization.deserializeContent(SofaRpcSerialization.java:263)
	at com.alipay.remoting.rpc.protocol.RpcRequestCommand.deserializeContent(RpcRequestCommand.java:144)
	at com.alipay.remoting.rpc.RpcCommand.deserialize(RpcCommand.java:117)
	at com.alipay.remoting.rpc.RpcCommand.deserialize(RpcCommand.java:138)
	at com.alipay.remoting.rpc.protocol.RpcRequestProcessor.deserializeRequestCommand(RpcRequestProcessor.java:264)
	at com.alipay.remoting.rpc.protocol.RpcRequestProcessor.doProcess(RpcRequestProcessor.java:142)
	at com.alipay.remoting.rpc.protocol.RpcRequestProcessor$ProcessTask.run(RpcRequestProcessor.java:371)
	at java.util.concurrent.ThreadPoolExecutor.runWorker(ThreadPoolExecutor.java:1142)
	at java.util.concurrent.ThreadPoolExecutor$Worker.run(ThreadPoolExecutor.java:617)
	at java.lang.Thread.run(Thread.java:745)
Caused by: com.alipay.sofa.rpc.core.exception.SofaRpcRuntimeException: null
	at com.alipay.sofa.rpc.common.utils.ClassUtils.newInstance(ClassUtils.java:181)
	at com.alipay.sofa.rpc.common.utils.ClassUtils.newInstanceWithArgs(ClassUtils.java:198)
	at com.alipay.sofa.rpc.ext.ExtensionClass.getExtInstance(ExtensionClass.java:106)
	... 21 common frames omitted
Caused by: java.lang.reflect.InvocationTargetException: null
	at sun.reflect.NativeConstructorAccessorImpl.newInstance0(Native Method)
	at sun.reflect.NativeConstructorAccessorImpl.newInstance(NativeConstructorAccessorImpl.java:62)
	at sun.reflect.DelegatingConstructorAccessorImpl.newInstance(DelegatingConstructorAccessorImpl.java:45)
	at java.lang.reflect.Constructor.newInstance(Constructor.java:408)
	at com.alipay.sofa.rpc.common.utils.ClassUtils.newInstance(ClassUtils.java:177)
	... 23 common frames omitted
Caused by: java.lang.NoClassDefFoundError: com/fasterxml/jackson/databind/ObjectMapper
	at com.alipay.sofa.rpc.codec.jackson.JacksonSerializer.<init>(JacksonSerializer.java:60)
	... 28 common frames omitted
2020-11-30 13:54:18,375 ERROR SOFA-SEV-BOLT-BIZ-22200-3-T1     - Error when load extension of extensible interface com.alipay.sofa.rpc.codec.Serializer with alias: json.
com.alipay.sofa.rpc.core.exception.SofaRpcRuntimeException: create com.alipay.sofa.rpc.codec.jackson.JacksonSerializer instance error
	at com.alipay.sofa.rpc.ext.ExtensionClass.getExtInstance(ExtensionClass.java:115)
	at com.alipay.sofa.rpc.ext.ExtensionClass.getExtInstance(ExtensionClass.java:89)
	at com.alipay.sofa.rpc.codec.SerializerFactory$1.onLoad(SerializerFactory.java:58)
	at com.alipay.sofa.rpc.ext.ExtensionLoader.loadSuccess(ExtensionLoader.java:359)
	at com.alipay.sofa.rpc.ext.ExtensionLoader.readLine(ExtensionLoader.java:342)
	at com.alipay.sofa.rpc.ext.ExtensionLoader.loadFromClassLoader(ExtensionLoader.java:184)
	at com.alipay.sofa.rpc.ext.ExtensionLoader.loadFromFile(ExtensionLoader.java:158)
	at com.alipay.sofa.rpc.ext.ExtensionLoader.<init>(ExtensionLoader.java:141)
	at com.alipay.sofa.rpc.ext.ExtensionLoader.<init>(ExtensionLoader.java:91)
	at com.alipay.sofa.rpc.ext.ExtensionLoaderFactory.getExtensionLoader(ExtensionLoaderFactory.java:50)
	at com.alipay.sofa.rpc.codec.SerializerFactory.buildLoader(SerializerFactory.java:53)
	at com.alipay.sofa.rpc.codec.SerializerFactory.<clinit>(SerializerFactory.java:50)
	at com.alipay.sofa.rpc.codec.bolt.SofaRpcSerialization.deserializeContent(SofaRpcSerialization.java:263)
	at com.alipay.remoting.rpc.protocol.RpcRequestCommand.deserializeContent(RpcRequestCommand.java:144)
	at com.alipay.remoting.rpc.RpcCommand.deserialize(RpcCommand.java:117)
	at com.alipay.remoting.rpc.RpcCommand.deserialize(RpcCommand.java:138)
	at com.alipay.remoting.rpc.protocol.RpcRequestProcessor.deserializeRequestCommand(RpcRequestProcessor.java:264)
	at com.alipay.remoting.rpc.protocol.RpcRequestProcessor.doProcess(RpcRequestProcessor.java:142)
	at com.alipay.remoting.rpc.protocol.RpcRequestProcessor$ProcessTask.run(RpcRequestProcessor.java:371)
	at java.util.concurrent.ThreadPoolExecutor.runWorker(ThreadPoolExecutor.java:1142)
	at java.util.concurrent.ThreadPoolExecutor$Worker.run(ThreadPoolExecutor.java:617)
	at java.lang.Thread.run(Thread.java:745)
Caused by: com.alipay.sofa.rpc.core.exception.SofaRpcRuntimeException: null
	at com.alipay.sofa.rpc.common.utils.ClassUtils.newInstance(ClassUtils.java:181)
	at com.alipay.sofa.rpc.common.utils.ClassUtils.newInstanceWithArgs(ClassUtils.java:198)
	at com.alipay.sofa.rpc.ext.ExtensionClass.getExtInstance(ExtensionClass.java:106)
	... 21 common frames omitted
Caused by: java.lang.reflect.InvocationTargetException: null
	at sun.reflect.NativeConstructorAccessorImpl.newInstance0(Native Method)
	at sun.reflect.NativeConstructorAccessorImpl.newInstance(NativeConstructorAccessorImpl.java:62)
	at sun.reflect.DelegatingConstructorAccessorImpl.newInstance(DelegatingConstructorAccessorImpl.java:45)
	at java.lang.reflect.Constructor.newInstance(Constructor.java:408)
	at com.alipay.sofa.rpc.common.utils.ClassUtils.newInstance(ClassUtils.java:177)
	... 23 common frames omitted
Caused by: java.lang.NoClassDefFoundError: com/fasterxml/jackson/databind/ObjectMapper
	at com.alipay.sofa.rpc.codec.jackson.JacksonSerializer.<init>(JacksonSerializer.java:60)
	... 28 common frames omitted
2020-11-30 13:55:37,524 ERROR SOFA-SEV-BOLT-BIZ-22200-3-T1     - Error when load extension of extensible interface com.alipay.sofa.rpc.codec.Serializer with alias: json.
com.alipay.sofa.rpc.core.exception.SofaRpcRuntimeException: create com.alipay.sofa.rpc.codec.jackson.JacksonSerializer instance error
	at com.alipay.sofa.rpc.ext.ExtensionClass.getExtInstance(ExtensionClass.java:115)
	at com.alipay.sofa.rpc.ext.ExtensionClass.getExtInstance(ExtensionClass.java:89)
	at com.alipay.sofa.rpc.codec.SerializerFactory$1.onLoad(SerializerFactory.java:58)
	at com.alipay.sofa.rpc.ext.ExtensionLoader.loadSuccess(ExtensionLoader.java:359)
	at com.alipay.sofa.rpc.ext.ExtensionLoader.readLine(ExtensionLoader.java:342)
	at com.alipay.sofa.rpc.ext.ExtensionLoader.loadFromClassLoader(ExtensionLoader.java:184)
	at com.alipay.sofa.rpc.ext.ExtensionLoader.loadFromFile(ExtensionLoader.java:158)
	at com.alipay.sofa.rpc.ext.ExtensionLoader.<init>(ExtensionLoader.java:141)
	at com.alipay.sofa.rpc.ext.ExtensionLoader.<init>(ExtensionLoader.java:91)
	at com.alipay.sofa.rpc.ext.ExtensionLoaderFactory.getExtensionLoader(ExtensionLoaderFactory.java:50)
	at com.alipay.sofa.rpc.codec.SerializerFactory.buildLoader(SerializerFactory.java:53)
	at com.alipay.sofa.rpc.codec.SerializerFactory.<clinit>(SerializerFactory.java:50)
	at com.alipay.sofa.rpc.codec.bolt.SofaRpcSerialization.deserializeContent(SofaRpcSerialization.java:263)
	at com.alipay.remoting.rpc.protocol.RpcRequestCommand.deserializeContent(RpcRequestCommand.java:144)
	at com.alipay.remoting.rpc.RpcCommand.deserialize(RpcCommand.java:117)
	at com.alipay.remoting.rpc.RpcCommand.deserialize(RpcCommand.java:138)
	at com.alipay.remoting.rpc.protocol.RpcRequestProcessor.deserializeRequestCommand(RpcRequestProcessor.java:264)
	at com.alipay.remoting.rpc.protocol.RpcRequestProcessor.doProcess(RpcRequestProcessor.java:142)
	at com.alipay.remoting.rpc.protocol.RpcRequestProcessor$ProcessTask.run(RpcRequestProcessor.java:371)
	at java.util.concurrent.ThreadPoolExecutor.runWorker(ThreadPoolExecutor.java:1142)
	at java.util.concurrent.ThreadPoolExecutor$Worker.run(ThreadPoolExecutor.java:617)
	at java.lang.Thread.run(Thread.java:745)
Caused by: com.alipay.sofa.rpc.core.exception.SofaRpcRuntimeException: null
	at com.alipay.sofa.rpc.common.utils.ClassUtils.newInstance(ClassUtils.java:181)
	at com.alipay.sofa.rpc.common.utils.ClassUtils.newInstanceWithArgs(ClassUtils.java:198)
	at com.alipay.sofa.rpc.ext.ExtensionClass.getExtInstance(ExtensionClass.java:106)
	... 21 common frames omitted
Caused by: java.lang.reflect.InvocationTargetException: null
	at sun.reflect.NativeConstructorAccessorImpl.newInstance0(Native Method)
	at sun.reflect.NativeConstructorAccessorImpl.newInstance(NativeConstructorAccessorImpl.java:62)
	at sun.reflect.DelegatingConstructorAccessorImpl.newInstance(DelegatingConstructorAccessorImpl.java:45)
	at java.lang.reflect.Constructor.newInstance(Constructor.java:408)
	at com.alipay.sofa.rpc.common.utils.ClassUtils.newInstance(ClassUtils.java:177)
	... 23 common frames omitted
Caused by: java.lang.NoClassDefFoundError: com/fasterxml/jackson/databind/ObjectMapper
	at com.alipay.sofa.rpc.codec.jackson.JacksonSerializer.<init>(JacksonSerializer.java:60)
	... 28 common frames omitted
2020-11-30 13:58:24,469 ERROR SOFA-SEV-BOLT-BIZ-22200-3-T1     - Error when load extension of extensible interface com.alipay.sofa.rpc.codec.Serializer with alias: json.
com.alipay.sofa.rpc.core.exception.SofaRpcRuntimeException: create com.alipay.sofa.rpc.codec.jackson.JacksonSerializer instance error
	at com.alipay.sofa.rpc.ext.ExtensionClass.getExtInstance(ExtensionClass.java:115)
	at com.alipay.sofa.rpc.ext.ExtensionClass.getExtInstance(ExtensionClass.java:89)
	at com.alipay.sofa.rpc.codec.SerializerFactory$1.onLoad(SerializerFactory.java:58)
	at com.alipay.sofa.rpc.ext.ExtensionLoader.loadSuccess(ExtensionLoader.java:359)
	at com.alipay.sofa.rpc.ext.ExtensionLoader.readLine(ExtensionLoader.java:342)
	at com.alipay.sofa.rpc.ext.ExtensionLoader.loadFromClassLoader(ExtensionLoader.java:184)
	at com.alipay.sofa.rpc.ext.ExtensionLoader.loadFromFile(ExtensionLoader.java:158)
	at com.alipay.sofa.rpc.ext.ExtensionLoader.<init>(ExtensionLoader.java:141)
	at com.alipay.sofa.rpc.ext.ExtensionLoader.<init>(ExtensionLoader.java:91)
	at com.alipay.sofa.rpc.ext.ExtensionLoaderFactory.getExtensionLoader(ExtensionLoaderFactory.java:50)
	at com.alipay.sofa.rpc.codec.SerializerFactory.buildLoader(SerializerFactory.java:53)
	at com.alipay.sofa.rpc.codec.SerializerFactory.<clinit>(SerializerFactory.java:50)
	at com.alipay.sofa.rpc.codec.bolt.SofaRpcSerialization.deserializeContent(SofaRpcSerialization.java:263)
	at com.alipay.remoting.rpc.protocol.RpcRequestCommand.deserializeContent(RpcRequestCommand.java:144)
	at com.alipay.remoting.rpc.RpcCommand.deserialize(RpcCommand.java:117)
	at com.alipay.remoting.rpc.RpcCommand.deserialize(RpcCommand.java:138)
	at com.alipay.remoting.rpc.protocol.RpcRequestProcessor.deserializeRequestCommand(RpcRequestProcessor.java:264)
	at com.alipay.remoting.rpc.protocol.RpcRequestProcessor.doProcess(RpcRequestProcessor.java:142)
	at com.alipay.remoting.rpc.protocol.RpcRequestProcessor$ProcessTask.run(RpcRequestProcessor.java:371)
	at java.util.concurrent.ThreadPoolExecutor.runWorker(ThreadPoolExecutor.java:1142)
	at java.util.concurrent.ThreadPoolExecutor$Worker.run(ThreadPoolExecutor.java:617)
	at java.lang.Thread.run(Thread.java:745)
Caused by: com.alipay.sofa.rpc.core.exception.SofaRpcRuntimeException: null
	at com.alipay.sofa.rpc.common.utils.ClassUtils.newInstance(ClassUtils.java:181)
	at com.alipay.sofa.rpc.common.utils.ClassUtils.newInstanceWithArgs(ClassUtils.java:198)
	at com.alipay.sofa.rpc.ext.ExtensionClass.getExtInstance(ExtensionClass.java:106)
	... 21 common frames omitted
Caused by: java.lang.reflect.InvocationTargetException: null
	at sun.reflect.NativeConstructorAccessorImpl.newInstance0(Native Method)
	at sun.reflect.NativeConstructorAccessorImpl.newInstance(NativeConstructorAccessorImpl.java:62)
	at sun.reflect.DelegatingConstructorAccessorImpl.newInstance(DelegatingConstructorAccessorImpl.java:45)
	at java.lang.reflect.Constructor.newInstance(Constructor.java:408)
	at com.alipay.sofa.rpc.common.utils.ClassUtils.newInstance(ClassUtils.java:177)
	... 23 common frames omitted
Caused by: java.lang.NoClassDefFoundError: com/fasterxml/jackson/databind/ObjectMapper
	at com.alipay.sofa.rpc.codec.jackson.JacksonSerializer.<init>(JacksonSerializer.java:60)
	... 28 common frames omitted
2020-11-30 15:29:16,199 ERROR SOFA-SEV-BOLT-BIZ-22200-3-T1     - Error when load extension of extensible interface com.alipay.sofa.rpc.codec.Serializer with alias: json.
com.alipay.sofa.rpc.core.exception.SofaRpcRuntimeException: create com.alipay.sofa.rpc.codec.jackson.JacksonSerializer instance error
	at com.alipay.sofa.rpc.ext.ExtensionClass.getExtInstance(ExtensionClass.java:115)
	at com.alipay.sofa.rpc.ext.ExtensionClass.getExtInstance(ExtensionClass.java:89)
	at com.alipay.sofa.rpc.codec.SerializerFactory$1.onLoad(SerializerFactory.java:58)
	at com.alipay.sofa.rpc.ext.ExtensionLoader.loadSuccess(ExtensionLoader.java:359)
	at com.alipay.sofa.rpc.ext.ExtensionLoader.readLine(ExtensionLoader.java:342)
	at com.alipay.sofa.rpc.ext.ExtensionLoader.loadFromClassLoader(ExtensionLoader.java:184)
	at com.alipay.sofa.rpc.ext.ExtensionLoader.loadFromFile(ExtensionLoader.java:158)
	at com.alipay.sofa.rpc.ext.ExtensionLoader.<init>(ExtensionLoader.java:141)
	at com.alipay.sofa.rpc.ext.ExtensionLoader.<init>(ExtensionLoader.java:91)
	at com.alipay.sofa.rpc.ext.ExtensionLoaderFactory.getExtensionLoader(ExtensionLoaderFactory.java:50)
	at com.alipay.sofa.rpc.codec.SerializerFactory.buildLoader(SerializerFactory.java:53)
	at com.alipay.sofa.rpc.codec.SerializerFactory.<clinit>(SerializerFactory.java:50)
	at com.alipay.sofa.rpc.codec.bolt.SofaRpcSerialization.deserializeContent(SofaRpcSerialization.java:263)
	at com.alipay.remoting.rpc.protocol.RpcRequestCommand.deserializeContent(RpcRequestCommand.java:144)
	at com.alipay.remoting.rpc.RpcCommand.deserialize(RpcCommand.java:117)
	at com.alipay.remoting.rpc.RpcCommand.deserialize(RpcCommand.java:138)
	at com.alipay.remoting.rpc.protocol.RpcRequestProcessor.deserializeRequestCommand(RpcRequestProcessor.java:264)
	at com.alipay.remoting.rpc.protocol.RpcRequestProcessor.doProcess(RpcRequestProcessor.java:142)
	at com.alipay.remoting.rpc.protocol.RpcRequestProcessor$ProcessTask.run(RpcRequestProcessor.java:371)
	at java.util.concurrent.ThreadPoolExecutor.runWorker(ThreadPoolExecutor.java:1142)
	at java.util.concurrent.ThreadPoolExecutor$Worker.run(ThreadPoolExecutor.java:617)
	at java.lang.Thread.run(Thread.java:745)
Caused by: com.alipay.sofa.rpc.core.exception.SofaRpcRuntimeException: null
	at com.alipay.sofa.rpc.common.utils.ClassUtils.newInstance(ClassUtils.java:181)
	at com.alipay.sofa.rpc.common.utils.ClassUtils.newInstanceWithArgs(ClassUtils.java:198)
	at com.alipay.sofa.rpc.ext.ExtensionClass.getExtInstance(ExtensionClass.java:106)
	... 21 common frames omitted
Caused by: java.lang.reflect.InvocationTargetException: null
	at sun.reflect.NativeConstructorAccessorImpl.newInstance0(Native Method)
	at sun.reflect.NativeConstructorAccessorImpl.newInstance(NativeConstructorAccessorImpl.java:62)
	at sun.reflect.DelegatingConstructorAccessorImpl.newInstance(DelegatingConstructorAccessorImpl.java:45)
	at java.lang.reflect.Constructor.newInstance(Constructor.java:408)
	at com.alipay.sofa.rpc.common.utils.ClassUtils.newInstance(ClassUtils.java:177)
	... 23 common frames omitted
Caused by: java.lang.NoClassDefFoundError: com/fasterxml/jackson/databind/ObjectMapper
	at com.alipay.sofa.rpc.codec.jackson.JacksonSerializer.<init>(JacksonSerializer.java:60)
	... 28 common frames omitted
2020-11-30 15:50:00,112 ERROR SOFA-SEV-BOLT-BIZ-22200-3-T1     - Error when load extension of extensible interface com.alipay.sofa.rpc.codec.Serializer with alias: json.
com.alipay.sofa.rpc.core.exception.SofaRpcRuntimeException: create com.alipay.sofa.rpc.codec.jackson.JacksonSerializer instance error
	at com.alipay.sofa.rpc.ext.ExtensionClass.getExtInstance(ExtensionClass.java:115)
	at com.alipay.sofa.rpc.ext.ExtensionClass.getExtInstance(ExtensionClass.java:89)
	at com.alipay.sofa.rpc.codec.SerializerFactory$1.onLoad(SerializerFactory.java:58)
	at com.alipay.sofa.rpc.ext.ExtensionLoader.loadSuccess(ExtensionLoader.java:359)
	at com.alipay.sofa.rpc.ext.ExtensionLoader.readLine(ExtensionLoader.java:342)
	at com.alipay.sofa.rpc.ext.ExtensionLoader.loadFromClassLoader(ExtensionLoader.java:184)
	at com.alipay.sofa.rpc.ext.ExtensionLoader.loadFromFile(ExtensionLoader.java:158)
	at com.alipay.sofa.rpc.ext.ExtensionLoader.<init>(ExtensionLoader.java:141)
	at com.alipay.sofa.rpc.ext.ExtensionLoader.<init>(ExtensionLoader.java:91)
	at com.alipay.sofa.rpc.ext.ExtensionLoaderFactory.getExtensionLoader(ExtensionLoaderFactory.java:50)
	at com.alipay.sofa.rpc.codec.SerializerFactory.buildLoader(SerializerFactory.java:53)
	at com.alipay.sofa.rpc.codec.SerializerFactory.<clinit>(SerializerFactory.java:50)
	at com.alipay.sofa.rpc.codec.bolt.SofaRpcSerialization.deserializeContent(SofaRpcSerialization.java:263)
	at com.alipay.remoting.rpc.protocol.RpcRequestCommand.deserializeContent(RpcRequestCommand.java:144)
	at com.alipay.remoting.rpc.RpcCommand.deserialize(RpcCommand.java:117)
	at com.alipay.remoting.rpc.RpcCommand.deserialize(RpcCommand.java:138)
	at com.alipay.remoting.rpc.protocol.RpcRequestProcessor.deserializeRequestCommand(RpcRequestProcessor.java:264)
	at com.alipay.remoting.rpc.protocol.RpcRequestProcessor.doProcess(RpcRequestProcessor.java:142)
	at com.alipay.remoting.rpc.protocol.RpcRequestProcessor$ProcessTask.run(RpcRequestProcessor.java:371)
	at java.util.concurrent.ThreadPoolExecutor.runWorker(ThreadPoolExecutor.java:1142)
	at java.util.concurrent.ThreadPoolExecutor$Worker.run(ThreadPoolExecutor.java:617)
	at java.lang.Thread.run(Thread.java:745)
Caused by: com.alipay.sofa.rpc.core.exception.SofaRpcRuntimeException: null
	at com.alipay.sofa.rpc.common.utils.ClassUtils.newInstance(ClassUtils.java:181)
	at com.alipay.sofa.rpc.common.utils.ClassUtils.newInstanceWithArgs(ClassUtils.java:198)
	at com.alipay.sofa.rpc.ext.ExtensionClass.getExtInstance(ExtensionClass.java:106)
	... 21 common frames omitted
Caused by: java.lang.reflect.InvocationTargetException: null
	at sun.reflect.NativeConstructorAccessorImpl.newInstance0(Native Method)
	at sun.reflect.NativeConstructorAccessorImpl.newInstance(NativeConstructorAccessorImpl.java:62)
	at sun.reflect.DelegatingConstructorAccessorImpl.newInstance(DelegatingConstructorAccessorImpl.java:45)
	at java.lang.reflect.Constructor.newInstance(Constructor.java:408)
	at com.alipay.sofa.rpc.common.utils.ClassUtils.newInstance(ClassUtils.java:177)
	... 23 common frames omitted
Caused by: java.lang.NoClassDefFoundError: com/fasterxml/jackson/databind/ObjectMapper
	at com.alipay.sofa.rpc.codec.jackson.JacksonSerializer.<init>(JacksonSerializer.java:60)
	... 28 common frames omitted
2020-11-30 16:10:20,912 ERROR SOFA-SEV-BOLT-BIZ-22200-3-T1     - Error when load extension of extensible interface com.alipay.sofa.rpc.codec.Serializer with alias: json.
com.alipay.sofa.rpc.core.exception.SofaRpcRuntimeException: create com.alipay.sofa.rpc.codec.jackson.JacksonSerializer instance error
	at com.alipay.sofa.rpc.ext.ExtensionClass.getExtInstance(ExtensionClass.java:115)
	at com.alipay.sofa.rpc.ext.ExtensionClass.getExtInstance(ExtensionClass.java:89)
	at com.alipay.sofa.rpc.codec.SerializerFactory$1.onLoad(SerializerFactory.java:58)
	at com.alipay.sofa.rpc.ext.ExtensionLoader.loadSuccess(ExtensionLoader.java:359)
	at com.alipay.sofa.rpc.ext.ExtensionLoader.readLine(ExtensionLoader.java:342)
	at com.alipay.sofa.rpc.ext.ExtensionLoader.loadFromClassLoader(ExtensionLoader.java:184)
	at com.alipay.sofa.rpc.ext.ExtensionLoader.loadFromFile(ExtensionLoader.java:158)
	at com.alipay.sofa.rpc.ext.ExtensionLoader.<init>(ExtensionLoader.java:141)
	at com.alipay.sofa.rpc.ext.ExtensionLoader.<init>(ExtensionLoader.java:91)
	at com.alipay.sofa.rpc.ext.ExtensionLoaderFactory.getExtensionLoader(ExtensionLoaderFactory.java:50)
	at com.alipay.sofa.rpc.codec.SerializerFactory.buildLoader(SerializerFactory.java:53)
	at com.alipay.sofa.rpc.codec.SerializerFactory.<clinit>(SerializerFactory.java:50)
	at com.alipay.sofa.rpc.codec.bolt.SofaRpcSerialization.deserializeContent(SofaRpcSerialization.java:263)
	at com.alipay.remoting.rpc.protocol.RpcRequestCommand.deserializeContent(RpcRequestCommand.java:144)
	at com.alipay.remoting.rpc.RpcCommand.deserialize(RpcCommand.java:117)
	at com.alipay.remoting.rpc.RpcCommand.deserialize(RpcCommand.java:138)
	at com.alipay.remoting.rpc.protocol.RpcRequestProcessor.deserializeRequestCommand(RpcRequestProcessor.java:264)
	at com.alipay.remoting.rpc.protocol.RpcRequestProcessor.doProcess(RpcRequestProcessor.java:142)
	at com.alipay.remoting.rpc.protocol.RpcRequestProcessor$ProcessTask.run(RpcRequestProcessor.java:371)
	at java.util.concurrent.ThreadPoolExecutor.runWorker(ThreadPoolExecutor.java:1142)
	at java.util.concurrent.ThreadPoolExecutor$Worker.run(ThreadPoolExecutor.java:617)
	at java.lang.Thread.run(Thread.java:745)
Caused by: com.alipay.sofa.rpc.core.exception.SofaRpcRuntimeException: null
	at com.alipay.sofa.rpc.common.utils.ClassUtils.newInstance(ClassUtils.java:181)
	at com.alipay.sofa.rpc.common.utils.ClassUtils.newInstanceWithArgs(ClassUtils.java:198)
	at com.alipay.sofa.rpc.ext.ExtensionClass.getExtInstance(ExtensionClass.java:106)
	... 21 common frames omitted
Caused by: java.lang.reflect.InvocationTargetException: null
	at sun.reflect.NativeConstructorAccessorImpl.newInstance0(Native Method)
	at sun.reflect.NativeConstructorAccessorImpl.newInstance(NativeConstructorAccessorImpl.java:62)
	at sun.reflect.DelegatingConstructorAccessorImpl.newInstance(DelegatingConstructorAccessorImpl.java:45)
	at java.lang.reflect.Constructor.newInstance(Constructor.java:408)
	at com.alipay.sofa.rpc.common.utils.ClassUtils.newInstance(ClassUtils.java:177)
	... 23 common frames omitted
Caused by: java.lang.NoClassDefFoundError: com/fasterxml/jackson/databind/ObjectMapper
	at com.alipay.sofa.rpc.codec.jackson.JacksonSerializer.<init>(JacksonSerializer.java:60)
	... 28 common frames omitted
2020-11-30 16:12:24,358 ERROR SOFA-SEV-BOLT-BIZ-22200-3-T1     - Error when load extension of extensible interface com.alipay.sofa.rpc.codec.Serializer with alias: json.
com.alipay.sofa.rpc.core.exception.SofaRpcRuntimeException: create com.alipay.sofa.rpc.codec.jackson.JacksonSerializer instance error
	at com.alipay.sofa.rpc.ext.ExtensionClass.getExtInstance(ExtensionClass.java:115)
	at com.alipay.sofa.rpc.ext.ExtensionClass.getExtInstance(ExtensionClass.java:89)
	at com.alipay.sofa.rpc.codec.SerializerFactory$1.onLoad(SerializerFactory.java:58)
	at com.alipay.sofa.rpc.ext.ExtensionLoader.loadSuccess(ExtensionLoader.java:359)
	at com.alipay.sofa.rpc.ext.ExtensionLoader.readLine(ExtensionLoader.java:342)
	at com.alipay.sofa.rpc.ext.ExtensionLoader.loadFromClassLoader(ExtensionLoader.java:184)
	at com.alipay.sofa.rpc.ext.ExtensionLoader.loadFromFile(ExtensionLoader.java:158)
	at com.alipay.sofa.rpc.ext.ExtensionLoader.<init>(ExtensionLoader.java:141)
	at com.alipay.sofa.rpc.ext.ExtensionLoader.<init>(ExtensionLoader.java:91)
	at com.alipay.sofa.rpc.ext.ExtensionLoaderFactory.getExtensionLoader(ExtensionLoaderFactory.java:50)
	at com.alipay.sofa.rpc.codec.SerializerFactory.buildLoader(SerializerFactory.java:53)
	at com.alipay.sofa.rpc.codec.SerializerFactory.<clinit>(SerializerFactory.java:50)
	at com.alipay.sofa.rpc.codec.bolt.SofaRpcSerialization.deserializeContent(SofaRpcSerialization.java:263)
	at com.alipay.remoting.rpc.protocol.RpcRequestCommand.deserializeContent(RpcRequestCommand.java:144)
	at com.alipay.remoting.rpc.RpcCommand.deserialize(RpcCommand.java:117)
	at com.alipay.remoting.rpc.RpcCommand.deserialize(RpcCommand.java:138)
	at com.alipay.remoting.rpc.protocol.RpcRequestProcessor.deserializeRequestCommand(RpcRequestProcessor.java:264)
	at com.alipay.remoting.rpc.protocol.RpcRequestProcessor.doProcess(RpcRequestProcessor.java:142)
	at com.alipay.remoting.rpc.protocol.RpcRequestProcessor$ProcessTask.run(RpcRequestProcessor.java:371)
	at java.util.concurrent.ThreadPoolExecutor.runWorker(ThreadPoolExecutor.java:1142)
	at java.util.concurrent.ThreadPoolExecutor$Worker.run(ThreadPoolExecutor.java:617)
	at java.lang.Thread.run(Thread.java:745)
Caused by: com.alipay.sofa.rpc.core.exception.SofaRpcRuntimeException: null
	at com.alipay.sofa.rpc.common.utils.ClassUtils.newInstance(ClassUtils.java:181)
	at com.alipay.sofa.rpc.common.utils.ClassUtils.newInstanceWithArgs(ClassUtils.java:198)
	at com.alipay.sofa.rpc.ext.ExtensionClass.getExtInstance(ExtensionClass.java:106)
	... 21 common frames omitted
Caused by: java.lang.reflect.InvocationTargetException: null
	at sun.reflect.NativeConstructorAccessorImpl.newInstance0(Native Method)
	at sun.reflect.NativeConstructorAccessorImpl.newInstance(NativeConstructorAccessorImpl.java:62)
	at sun.reflect.DelegatingConstructorAccessorImpl.newInstance(DelegatingConstructorAccessorImpl.java:45)
	at java.lang.reflect.Constructor.newInstance(Constructor.java:408)
	at com.alipay.sofa.rpc.common.utils.ClassUtils.newInstance(ClassUtils.java:177)
	... 23 common frames omitted
Caused by: java.lang.NoClassDefFoundError: com/fasterxml/jackson/databind/ObjectMapper
	at com.alipay.sofa.rpc.codec.jackson.JacksonSerializer.<init>(JacksonSerializer.java:60)
	... 28 common frames omitted
2020-11-30 16:15:32,675 ERROR SOFA-SEV-BOLT-BIZ-22200-3-T1     - Error when load extension of extensible interface com.alipay.sofa.rpc.codec.Serializer with alias: json.
com.alipay.sofa.rpc.core.exception.SofaRpcRuntimeException: create com.alipay.sofa.rpc.codec.jackson.JacksonSerializer instance error
	at com.alipay.sofa.rpc.ext.ExtensionClass.getExtInstance(ExtensionClass.java:115)
	at com.alipay.sofa.rpc.ext.ExtensionClass.getExtInstance(ExtensionClass.java:89)
	at com.alipay.sofa.rpc.codec.SerializerFactory$1.onLoad(SerializerFactory.java:58)
	at com.alipay.sofa.rpc.ext.ExtensionLoader.loadSuccess(ExtensionLoader.java:359)
	at com.alipay.sofa.rpc.ext.ExtensionLoader.readLine(ExtensionLoader.java:342)
	at com.alipay.sofa.rpc.ext.ExtensionLoader.loadFromClassLoader(ExtensionLoader.java:184)
	at com.alipay.sofa.rpc.ext.ExtensionLoader.loadFromFile(ExtensionLoader.java:158)
	at com.alipay.sofa.rpc.ext.ExtensionLoader.<init>(ExtensionLoader.java:141)
	at com.alipay.sofa.rpc.ext.ExtensionLoader.<init>(ExtensionLoader.java:91)
	at com.alipay.sofa.rpc.ext.ExtensionLoaderFactory.getExtensionLoader(ExtensionLoaderFactory.java:50)
	at com.alipay.sofa.rpc.codec.SerializerFactory.buildLoader(SerializerFactory.java:53)
	at com.alipay.sofa.rpc.codec.SerializerFactory.<clinit>(SerializerFactory.java:50)
	at com.alipay.sofa.rpc.codec.bolt.SofaRpcSerialization.deserializeContent(SofaRpcSerialization.java:263)
	at com.alipay.remoting.rpc.protocol.RpcRequestCommand.deserializeContent(RpcRequestCommand.java:144)
	at com.alipay.remoting.rpc.RpcCommand.deserialize(RpcCommand.java:117)
	at com.alipay.remoting.rpc.RpcCommand.deserialize(RpcCommand.java:138)
	at com.alipay.remoting.rpc.protocol.RpcRequestProcessor.deserializeRequestCommand(RpcRequestProcessor.java:264)
	at com.alipay.remoting.rpc.protocol.RpcRequestProcessor.doProcess(RpcRequestProcessor.java:142)
	at com.alipay.remoting.rpc.protocol.RpcRequestProcessor$ProcessTask.run(RpcRequestProcessor.java:371)
	at java.util.concurrent.ThreadPoolExecutor.runWorker(ThreadPoolExecutor.java:1142)
	at java.util.concurrent.ThreadPoolExecutor$Worker.run(ThreadPoolExecutor.java:617)
	at java.lang.Thread.run(Thread.java:745)
Caused by: com.alipay.sofa.rpc.core.exception.SofaRpcRuntimeException: null
	at com.alipay.sofa.rpc.common.utils.ClassUtils.newInstance(ClassUtils.java:181)
	at com.alipay.sofa.rpc.common.utils.ClassUtils.newInstanceWithArgs(ClassUtils.java:198)
	at com.alipay.sofa.rpc.ext.ExtensionClass.getExtInstance(ExtensionClass.java:106)
	... 21 common frames omitted
Caused by: java.lang.reflect.InvocationTargetException: null
	at sun.reflect.NativeConstructorAccessorImpl.newInstance0(Native Method)
	at sun.reflect.NativeConstructorAccessorImpl.newInstance(NativeConstructorAccessorImpl.java:62)
	at sun.reflect.DelegatingConstructorAccessorImpl.newInstance(DelegatingConstructorAccessorImpl.java:45)
	at java.lang.reflect.Constructor.newInstance(Constructor.java:408)
	at com.alipay.sofa.rpc.common.utils.ClassUtils.newInstance(ClassUtils.java:177)
	... 23 common frames omitted
Caused by: java.lang.NoClassDefFoundError: com/fasterxml/jackson/databind/ObjectMapper
	at com.alipay.sofa.rpc.codec.jackson.JacksonSerializer.<init>(JacksonSerializer.java:60)
	... 28 common frames omitted
2020-11-30 16:18:49,647 ERROR SOFA-SEV-BOLT-BIZ-22200-3-T1     - Error when load extension of extensible interface com.alipay.sofa.rpc.codec.Serializer with alias: json.
com.alipay.sofa.rpc.core.exception.SofaRpcRuntimeException: create com.alipay.sofa.rpc.codec.jackson.JacksonSerializer instance error
	at com.alipay.sofa.rpc.ext.ExtensionClass.getExtInstance(ExtensionClass.java:115)
	at com.alipay.sofa.rpc.ext.ExtensionClass.getExtInstance(ExtensionClass.java:89)
	at com.alipay.sofa.rpc.codec.SerializerFactory$1.onLoad(SerializerFactory.java:58)
	at com.alipay.sofa.rpc.ext.ExtensionLoader.loadSuccess(ExtensionLoader.java:359)
	at com.alipay.sofa.rpc.ext.ExtensionLoader.readLine(ExtensionLoader.java:342)
	at com.alipay.sofa.rpc.ext.ExtensionLoader.loadFromClassLoader(ExtensionLoader.java:184)
	at com.alipay.sofa.rpc.ext.ExtensionLoader.loadFromFile(ExtensionLoader.java:158)
	at com.alipay.sofa.rpc.ext.ExtensionLoader.<init>(ExtensionLoader.java:141)
	at com.alipay.sofa.rpc.ext.ExtensionLoader.<init>(ExtensionLoader.java:91)
	at com.alipay.sofa.rpc.ext.ExtensionLoaderFactory.getExtensionLoader(ExtensionLoaderFactory.java:50)
	at com.alipay.sofa.rpc.codec.SerializerFactory.buildLoader(SerializerFactory.java:53)
	at com.alipay.sofa.rpc.codec.SerializerFactory.<clinit>(SerializerFactory.java:50)
	at com.alipay.sofa.rpc.codec.bolt.SofaRpcSerialization.deserializeContent(SofaRpcSerialization.java:263)
	at com.alipay.remoting.rpc.protocol.RpcRequestCommand.deserializeContent(RpcRequestCommand.java:144)
	at com.alipay.remoting.rpc.RpcCommand.deserialize(RpcCommand.java:117)
	at com.alipay.remoting.rpc.RpcCommand.deserialize(RpcCommand.java:138)
	at com.alipay.remoting.rpc.protocol.RpcRequestProcessor.deserializeRequestCommand(RpcRequestProcessor.java:264)
	at com.alipay.remoting.rpc.protocol.RpcRequestProcessor.doProcess(RpcRequestProcessor.java:142)
	at com.alipay.remoting.rpc.protocol.RpcRequestProcessor$ProcessTask.run(RpcRequestProcessor.java:371)
	at java.util.concurrent.ThreadPoolExecutor.runWorker(ThreadPoolExecutor.java:1142)
	at java.util.concurrent.ThreadPoolExecutor$Worker.run(ThreadPoolExecutor.java:617)
	at java.lang.Thread.run(Thread.java:745)
Caused by: com.alipay.sofa.rpc.core.exception.SofaRpcRuntimeException: null
	at com.alipay.sofa.rpc.common.utils.ClassUtils.newInstance(ClassUtils.java:181)
	at com.alipay.sofa.rpc.common.utils.ClassUtils.newInstanceWithArgs(ClassUtils.java:198)
	at com.alipay.sofa.rpc.ext.ExtensionClass.getExtInstance(ExtensionClass.java:106)
	... 21 common frames omitted
Caused by: java.lang.reflect.InvocationTargetException: null
	at sun.reflect.NativeConstructorAccessorImpl.newInstance0(Native Method)
	at sun.reflect.NativeConstructorAccessorImpl.newInstance(NativeConstructorAccessorImpl.java:62)
	at sun.reflect.DelegatingConstructorAccessorImpl.newInstance(DelegatingConstructorAccessorImpl.java:45)
	at java.lang.reflect.Constructor.newInstance(Constructor.java:408)
	at com.alipay.sofa.rpc.common.utils.ClassUtils.newInstance(ClassUtils.java:177)
	... 23 common frames omitted
Caused by: java.lang.NoClassDefFoundError: com/fasterxml/jackson/databind/ObjectMapper
	at com.alipay.sofa.rpc.codec.jackson.JacksonSerializer.<init>(JacksonSerializer.java:60)
	... 28 common frames omitted
2020-12-01 11:17:25,820 ERROR SOFA-SEV-BOLT-BIZ-22200-3-T1     - Error when load extension of extensible interface com.alipay.sofa.rpc.codec.Serializer with alias: json.
com.alipay.sofa.rpc.core.exception.SofaRpcRuntimeException: create com.alipay.sofa.rpc.codec.jackson.JacksonSerializer instance error
	at com.alipay.sofa.rpc.ext.ExtensionClass.getExtInstance(ExtensionClass.java:115)
	at com.alipay.sofa.rpc.ext.ExtensionClass.getExtInstance(ExtensionClass.java:89)
	at com.alipay.sofa.rpc.codec.SerializerFactory$1.onLoad(SerializerFactory.java:58)
	at com.alipay.sofa.rpc.ext.ExtensionLoader.loadSuccess(ExtensionLoader.java:359)
	at com.alipay.sofa.rpc.ext.ExtensionLoader.readLine(ExtensionLoader.java:342)
	at com.alipay.sofa.rpc.ext.ExtensionLoader.loadFromClassLoader(ExtensionLoader.java:184)
	at com.alipay.sofa.rpc.ext.ExtensionLoader.loadFromFile(ExtensionLoader.java:158)
	at com.alipay.sofa.rpc.ext.ExtensionLoader.<init>(ExtensionLoader.java:141)
	at com.alipay.sofa.rpc.ext.ExtensionLoader.<init>(ExtensionLoader.java:91)
	at com.alipay.sofa.rpc.ext.ExtensionLoaderFactory.getExtensionLoader(ExtensionLoaderFactory.java:50)
	at com.alipay.sofa.rpc.codec.SerializerFactory.buildLoader(SerializerFactory.java:53)
	at com.alipay.sofa.rpc.codec.SerializerFactory.<clinit>(SerializerFactory.java:50)
	at com.alipay.sofa.rpc.codec.bolt.SofaRpcSerialization.deserializeContent(SofaRpcSerialization.java:263)
	at com.alipay.remoting.rpc.protocol.RpcRequestCommand.deserializeContent(RpcRequestCommand.java:144)
	at com.alipay.remoting.rpc.RpcCommand.deserialize(RpcCommand.java:117)
	at com.alipay.remoting.rpc.RpcCommand.deserialize(RpcCommand.java:138)
	at com.alipay.remoting.rpc.protocol.RpcRequestProcessor.deserializeRequestCommand(RpcRequestProcessor.java:264)
	at com.alipay.remoting.rpc.protocol.RpcRequestProcessor.doProcess(RpcRequestProcessor.java:142)
	at com.alipay.remoting.rpc.protocol.RpcRequestProcessor$ProcessTask.run(RpcRequestProcessor.java:371)
	at java.util.concurrent.ThreadPoolExecutor.runWorker(ThreadPoolExecutor.java:1142)
	at java.util.concurrent.ThreadPoolExecutor$Worker.run(ThreadPoolExecutor.java:617)
	at java.lang.Thread.run(Thread.java:745)
Caused by: com.alipay.sofa.rpc.core.exception.SofaRpcRuntimeException: null
	at com.alipay.sofa.rpc.common.utils.ClassUtils.newInstance(ClassUtils.java:181)
	at com.alipay.sofa.rpc.common.utils.ClassUtils.newInstanceWithArgs(ClassUtils.java:198)
	at com.alipay.sofa.rpc.ext.ExtensionClass.getExtInstance(ExtensionClass.java:106)
	... 21 common frames omitted
Caused by: java.lang.reflect.InvocationTargetException: null
	at sun.reflect.NativeConstructorAccessorImpl.newInstance0(Native Method)
	at sun.reflect.NativeConstructorAccessorImpl.newInstance(NativeConstructorAccessorImpl.java:62)
	at sun.reflect.DelegatingConstructorAccessorImpl.newInstance(DelegatingConstructorAccessorImpl.java:45)
	at java.lang.reflect.Constructor.newInstance(Constructor.java:408)
	at com.alipay.sofa.rpc.common.utils.ClassUtils.newInstance(ClassUtils.java:177)
	... 23 common frames omitted
Caused by: java.lang.NoClassDefFoundError: com/fasterxml/jackson/databind/ObjectMapper
	at com.alipay.sofa.rpc.codec.jackson.JacksonSerializer.<init>(JacksonSerializer.java:60)
	... 28 common frames omitted
2020-12-01 13:26:06,763 ERROR SOFA-SEV-BOLT-BIZ-22200-3-T1     - Error when load extension of extensible interface com.alipay.sofa.rpc.codec.Serializer with alias: json.
com.alipay.sofa.rpc.core.exception.SofaRpcRuntimeException: create com.alipay.sofa.rpc.codec.jackson.JacksonSerializer instance error
	at com.alipay.sofa.rpc.ext.ExtensionClass.getExtInstance(ExtensionClass.java:115)
	at com.alipay.sofa.rpc.ext.ExtensionClass.getExtInstance(ExtensionClass.java:89)
	at com.alipay.sofa.rpc.codec.SerializerFactory$1.onLoad(SerializerFactory.java:58)
	at com.alipay.sofa.rpc.ext.ExtensionLoader.loadSuccess(ExtensionLoader.java:359)
	at com.alipay.sofa.rpc.ext.ExtensionLoader.readLine(ExtensionLoader.java:342)
	at com.alipay.sofa.rpc.ext.ExtensionLoader.loadFromClassLoader(ExtensionLoader.java:184)
	at com.alipay.sofa.rpc.ext.ExtensionLoader.loadFromFile(ExtensionLoader.java:158)
	at com.alipay.sofa.rpc.ext.ExtensionLoader.<init>(ExtensionLoader.java:141)
	at com.alipay.sofa.rpc.ext.ExtensionLoader.<init>(ExtensionLoader.java:91)
	at com.alipay.sofa.rpc.ext.ExtensionLoaderFactory.getExtensionLoader(ExtensionLoaderFactory.java:50)
	at com.alipay.sofa.rpc.codec.SerializerFactory.buildLoader(SerializerFactory.java:53)
	at com.alipay.sofa.rpc.codec.SerializerFactory.<clinit>(SerializerFactory.java:50)
	at com.alipay.sofa.rpc.codec.bolt.SofaRpcSerialization.deserializeContent(SofaRpcSerialization.java:263)
	at com.alipay.remoting.rpc.protocol.RpcRequestCommand.deserializeContent(RpcRequestCommand.java:144)
	at com.alipay.remoting.rpc.RpcCommand.deserialize(RpcCommand.java:117)
	at com.alipay.remoting.rpc.RpcCommand.deserialize(RpcCommand.java:138)
	at com.alipay.remoting.rpc.protocol.RpcRequestProcessor.deserializeRequestCommand(RpcRequestProcessor.java:264)
	at com.alipay.remoting.rpc.protocol.RpcRequestProcessor.doProcess(RpcRequestProcessor.java:142)
	at com.alipay.remoting.rpc.protocol.RpcRequestProcessor$ProcessTask.run(RpcRequestProcessor.java:371)
	at java.util.concurrent.ThreadPoolExecutor.runWorker(ThreadPoolExecutor.java:1142)
	at java.util.concurrent.ThreadPoolExecutor$Worker.run(ThreadPoolExecutor.java:617)
	at java.lang.Thread.run(Thread.java:745)
Caused by: com.alipay.sofa.rpc.core.exception.SofaRpcRuntimeException: null
	at com.alipay.sofa.rpc.common.utils.ClassUtils.newInstance(ClassUtils.java:181)
	at com.alipay.sofa.rpc.common.utils.ClassUtils.newInstanceWithArgs(ClassUtils.java:198)
	at com.alipay.sofa.rpc.ext.ExtensionClass.getExtInstance(ExtensionClass.java:106)
	... 21 common frames omitted
Caused by: java.lang.reflect.InvocationTargetException: null
	at sun.reflect.NativeConstructorAccessorImpl.newInstance0(Native Method)
	at sun.reflect.NativeConstructorAccessorImpl.newInstance(NativeConstructorAccessorImpl.java:62)
	at sun.reflect.DelegatingConstructorAccessorImpl.newInstance(DelegatingConstructorAccessorImpl.java:45)
	at java.lang.reflect.Constructor.newInstance(Constructor.java:408)
	at com.alipay.sofa.rpc.common.utils.ClassUtils.newInstance(ClassUtils.java:177)
	... 23 common frames omitted
Caused by: java.lang.NoClassDefFoundError: com/fasterxml/jackson/databind/ObjectMapper
	at com.alipay.sofa.rpc.codec.jackson.JacksonSerializer.<init>(JacksonSerializer.java:60)
	... 28 common frames omitted
2020-12-01 13:28:08,407 ERROR SOFA-SEV-BOLT-BIZ-22200-3-T1     - Error when load extension of extensible interface com.alipay.sofa.rpc.codec.Serializer with alias: json.
com.alipay.sofa.rpc.core.exception.SofaRpcRuntimeException: create com.alipay.sofa.rpc.codec.jackson.JacksonSerializer instance error
	at com.alipay.sofa.rpc.ext.ExtensionClass.getExtInstance(ExtensionClass.java:115)
	at com.alipay.sofa.rpc.ext.ExtensionClass.getExtInstance(ExtensionClass.java:89)
	at com.alipay.sofa.rpc.codec.SerializerFactory$1.onLoad(SerializerFactory.java:58)
	at com.alipay.sofa.rpc.ext.ExtensionLoader.loadSuccess(ExtensionLoader.java:359)
	at com.alipay.sofa.rpc.ext.ExtensionLoader.readLine(ExtensionLoader.java:342)
	at com.alipay.sofa.rpc.ext.ExtensionLoader.loadFromClassLoader(ExtensionLoader.java:184)
	at com.alipay.sofa.rpc.ext.ExtensionLoader.loadFromFile(ExtensionLoader.java:158)
	at com.alipay.sofa.rpc.ext.ExtensionLoader.<init>(ExtensionLoader.java:141)
	at com.alipay.sofa.rpc.ext.ExtensionLoader.<init>(ExtensionLoader.java:91)
	at com.alipay.sofa.rpc.ext.ExtensionLoaderFactory.getExtensionLoader(ExtensionLoaderFactory.java:50)
	at com.alipay.sofa.rpc.codec.SerializerFactory.buildLoader(SerializerFactory.java:53)
	at com.alipay.sofa.rpc.codec.SerializerFactory.<clinit>(SerializerFactory.java:50)
	at com.alipay.sofa.rpc.codec.bolt.SofaRpcSerialization.deserializeContent(SofaRpcSerialization.java:263)
	at com.alipay.remoting.rpc.protocol.RpcRequestCommand.deserializeContent(RpcRequestCommand.java:144)
	at com.alipay.remoting.rpc.RpcCommand.deserialize(RpcCommand.java:117)
	at com.alipay.remoting.rpc.RpcCommand.deserialize(RpcCommand.java:138)
	at com.alipay.remoting.rpc.protocol.RpcRequestProcessor.deserializeRequestCommand(RpcRequestProcessor.java:264)
	at com.alipay.remoting.rpc.protocol.RpcRequestProcessor.doProcess(RpcRequestProcessor.java:142)
	at com.alipay.remoting.rpc.protocol.RpcRequestProcessor$ProcessTask.run(RpcRequestProcessor.java:371)
	at java.util.concurrent.ThreadPoolExecutor.runWorker(ThreadPoolExecutor.java:1142)
	at java.util.concurrent.ThreadPoolExecutor$Worker.run(ThreadPoolExecutor.java:617)
	at java.lang.Thread.run(Thread.java:745)
Caused by: com.alipay.sofa.rpc.core.exception.SofaRpcRuntimeException: null
	at com.alipay.sofa.rpc.common.utils.ClassUtils.newInstance(ClassUtils.java:181)
	at com.alipay.sofa.rpc.common.utils.ClassUtils.newInstanceWithArgs(ClassUtils.java:198)
	at com.alipay.sofa.rpc.ext.ExtensionClass.getExtInstance(ExtensionClass.java:106)
	... 21 common frames omitted
Caused by: java.lang.reflect.InvocationTargetException: null
	at sun.reflect.NativeConstructorAccessorImpl.newInstance0(Native Method)
	at sun.reflect.NativeConstructorAccessorImpl.newInstance(NativeConstructorAccessorImpl.java:62)
	at sun.reflect.DelegatingConstructorAccessorImpl.newInstance(DelegatingConstructorAccessorImpl.java:45)
	at java.lang.reflect.Constructor.newInstance(Constructor.java:408)
	at com.alipay.sofa.rpc.common.utils.ClassUtils.newInstance(ClassUtils.java:177)
	... 23 common frames omitted
Caused by: java.lang.NoClassDefFoundError: com/fasterxml/jackson/databind/ObjectMapper
	at com.alipay.sofa.rpc.codec.jackson.JacksonSerializer.<init>(JacksonSerializer.java:60)
	... 28 common frames omitted
2020-12-01 13:29:45,590 ERROR SOFA-SEV-BOLT-BIZ-22200-3-T1     - Error when load extension of extensible interface com.alipay.sofa.rpc.codec.Serializer with alias: json.
com.alipay.sofa.rpc.core.exception.SofaRpcRuntimeException: create com.alipay.sofa.rpc.codec.jackson.JacksonSerializer instance error
	at com.alipay.sofa.rpc.ext.ExtensionClass.getExtInstance(ExtensionClass.java:115)
	at com.alipay.sofa.rpc.ext.ExtensionClass.getExtInstance(ExtensionClass.java:89)
	at com.alipay.sofa.rpc.codec.SerializerFactory$1.onLoad(SerializerFactory.java:58)
	at com.alipay.sofa.rpc.ext.ExtensionLoader.loadSuccess(ExtensionLoader.java:359)
	at com.alipay.sofa.rpc.ext.ExtensionLoader.readLine(ExtensionLoader.java:342)
	at com.alipay.sofa.rpc.ext.ExtensionLoader.loadFromClassLoader(ExtensionLoader.java:184)
	at com.alipay.sofa.rpc.ext.ExtensionLoader.loadFromFile(ExtensionLoader.java:158)
	at com.alipay.sofa.rpc.ext.ExtensionLoader.<init>(ExtensionLoader.java:141)
	at com.alipay.sofa.rpc.ext.ExtensionLoader.<init>(ExtensionLoader.java:91)
	at com.alipay.sofa.rpc.ext.ExtensionLoaderFactory.getExtensionLoader(ExtensionLoaderFactory.java:50)
	at com.alipay.sofa.rpc.codec.SerializerFactory.buildLoader(SerializerFactory.java:53)
	at com.alipay.sofa.rpc.codec.SerializerFactory.<clinit>(SerializerFactory.java:50)
	at com.alipay.sofa.rpc.codec.bolt.SofaRpcSerialization.deserializeContent(SofaRpcSerialization.java:263)
	at com.alipay.remoting.rpc.protocol.RpcRequestCommand.deserializeContent(RpcRequestCommand.java:144)
	at com.alipay.remoting.rpc.RpcCommand.deserialize(RpcCommand.java:117)
	at com.alipay.remoting.rpc.RpcCommand.deserialize(RpcCommand.java:138)
	at com.alipay.remoting.rpc.protocol.RpcRequestProcessor.deserializeRequestCommand(RpcRequestProcessor.java:264)
	at com.alipay.remoting.rpc.protocol.RpcRequestProcessor.doProcess(RpcRequestProcessor.java:142)
	at com.alipay.remoting.rpc.protocol.RpcRequestProcessor$ProcessTask.run(RpcRequestProcessor.java:371)
	at java.util.concurrent.ThreadPoolExecutor.runWorker(ThreadPoolExecutor.java:1142)
	at java.util.concurrent.ThreadPoolExecutor$Worker.run(ThreadPoolExecutor.java:617)
	at java.lang.Thread.run(Thread.java:745)
Caused by: com.alipay.sofa.rpc.core.exception.SofaRpcRuntimeException: null
	at com.alipay.sofa.rpc.common.utils.ClassUtils.newInstance(ClassUtils.java:181)
	at com.alipay.sofa.rpc.common.utils.ClassUtils.newInstanceWithArgs(ClassUtils.java:198)
	at com.alipay.sofa.rpc.ext.ExtensionClass.getExtInstance(ExtensionClass.java:106)
	... 21 common frames omitted
Caused by: java.lang.reflect.InvocationTargetException: null
	at sun.reflect.NativeConstructorAccessorImpl.newInstance0(Native Method)
	at sun.reflect.NativeConstructorAccessorImpl.newInstance(NativeConstructorAccessorImpl.java:62)
	at sun.reflect.DelegatingConstructorAccessorImpl.newInstance(DelegatingConstructorAccessorImpl.java:45)
	at java.lang.reflect.Constructor.newInstance(Constructor.java:408)
	at com.alipay.sofa.rpc.common.utils.ClassUtils.newInstance(ClassUtils.java:177)
	... 23 common frames omitted
Caused by: java.lang.NoClassDefFoundError: com/fasterxml/jackson/databind/ObjectMapper
	at com.alipay.sofa.rpc.codec.jackson.JacksonSerializer.<init>(JacksonSerializer.java:60)
	... 28 common frames omitted
2020-12-01 13:32:45,468 ERROR SOFA-SEV-BOLT-BIZ-22200-3-T1     - Error when load extension of extensible interface com.alipay.sofa.rpc.codec.Serializer with alias: json.
com.alipay.sofa.rpc.core.exception.SofaRpcRuntimeException: create com.alipay.sofa.rpc.codec.jackson.JacksonSerializer instance error
	at com.alipay.sofa.rpc.ext.ExtensionClass.getExtInstance(ExtensionClass.java:115)
	at com.alipay.sofa.rpc.ext.ExtensionClass.getExtInstance(ExtensionClass.java:89)
	at com.alipay.sofa.rpc.codec.SerializerFactory$1.onLoad(SerializerFactory.java:58)
	at com.alipay.sofa.rpc.ext.ExtensionLoader.loadSuccess(ExtensionLoader.java:359)
	at com.alipay.sofa.rpc.ext.ExtensionLoader.readLine(ExtensionLoader.java:342)
	at com.alipay.sofa.rpc.ext.ExtensionLoader.loadFromClassLoader(ExtensionLoader.java:184)
	at com.alipay.sofa.rpc.ext.ExtensionLoader.loadFromFile(ExtensionLoader.java:158)
	at com.alipay.sofa.rpc.ext.ExtensionLoader.<init>(ExtensionLoader.java:141)
	at com.alipay.sofa.rpc.ext.ExtensionLoader.<init>(ExtensionLoader.java:91)
	at com.alipay.sofa.rpc.ext.ExtensionLoaderFactory.getExtensionLoader(ExtensionLoaderFactory.java:50)
	at com.alipay.sofa.rpc.codec.SerializerFactory.buildLoader(SerializerFactory.java:53)
	at com.alipay.sofa.rpc.codec.SerializerFactory.<clinit>(SerializerFactory.java:50)
	at com.alipay.sofa.rpc.codec.bolt.SofaRpcSerialization.deserializeContent(SofaRpcSerialization.java:263)
	at com.alipay.remoting.rpc.protocol.RpcRequestCommand.deserializeContent(RpcRequestCommand.java:144)
	at com.alipay.remoting.rpc.RpcCommand.deserialize(RpcCommand.java:117)
	at com.alipay.remoting.rpc.RpcCommand.deserialize(RpcCommand.java:138)
	at com.alipay.remoting.rpc.protocol.RpcRequestProcessor.deserializeRequestCommand(RpcRequestProcessor.java:264)
	at com.alipay.remoting.rpc.protocol.RpcRequestProcessor.doProcess(RpcRequestProcessor.java:142)
	at com.alipay.remoting.rpc.protocol.RpcRequestProcessor$ProcessTask.run(RpcRequestProcessor.java:371)
	at java.util.concurrent.ThreadPoolExecutor.runWorker(ThreadPoolExecutor.java:1142)
	at java.util.concurrent.ThreadPoolExecutor$Worker.run(ThreadPoolExecutor.java:617)
	at java.lang.Thread.run(Thread.java:745)
Caused by: com.alipay.sofa.rpc.core.exception.SofaRpcRuntimeException: null
	at com.alipay.sofa.rpc.common.utils.ClassUtils.newInstance(ClassUtils.java:181)
	at com.alipay.sofa.rpc.common.utils.ClassUtils.newInstanceWithArgs(ClassUtils.java:198)
	at com.alipay.sofa.rpc.ext.ExtensionClass.getExtInstance(ExtensionClass.java:106)
	... 21 common frames omitted
Caused by: java.lang.reflect.InvocationTargetException: null
	at sun.reflect.NativeConstructorAccessorImpl.newInstance0(Native Method)
	at sun.reflect.NativeConstructorAccessorImpl.newInstance(NativeConstructorAccessorImpl.java:62)
	at sun.reflect.DelegatingConstructorAccessorImpl.newInstance(DelegatingConstructorAccessorImpl.java:45)
	at java.lang.reflect.Constructor.newInstance(Constructor.java:408)
	at com.alipay.sofa.rpc.common.utils.ClassUtils.newInstance(ClassUtils.java:177)
	... 23 common frames omitted
Caused by: java.lang.NoClassDefFoundError: com/fasterxml/jackson/databind/ObjectMapper
	at com.alipay.sofa.rpc.codec.jackson.JacksonSerializer.<init>(JacksonSerializer.java:60)
	... 28 common frames omitted
2020-12-01 13:53:21,108 ERROR SOFA-SEV-BOLT-BIZ-22200-3-T1     - Error when load extension of extensible interface com.alipay.sofa.rpc.codec.Serializer with alias: json.
com.alipay.sofa.rpc.core.exception.SofaRpcRuntimeException: create com.alipay.sofa.rpc.codec.jackson.JacksonSerializer instance error
	at com.alipay.sofa.rpc.ext.ExtensionClass.getExtInstance(ExtensionClass.java:115)
	at com.alipay.sofa.rpc.ext.ExtensionClass.getExtInstance(ExtensionClass.java:89)
	at com.alipay.sofa.rpc.codec.SerializerFactory$1.onLoad(SerializerFactory.java:58)
	at com.alipay.sofa.rpc.ext.ExtensionLoader.loadSuccess(ExtensionLoader.java:359)
	at com.alipay.sofa.rpc.ext.ExtensionLoader.readLine(ExtensionLoader.java:342)
	at com.alipay.sofa.rpc.ext.ExtensionLoader.loadFromClassLoader(ExtensionLoader.java:184)
	at com.alipay.sofa.rpc.ext.ExtensionLoader.loadFromFile(ExtensionLoader.java:158)
	at com.alipay.sofa.rpc.ext.ExtensionLoader.<init>(ExtensionLoader.java:141)
	at com.alipay.sofa.rpc.ext.ExtensionLoader.<init>(ExtensionLoader.java:91)
	at com.alipay.sofa.rpc.ext.ExtensionLoaderFactory.getExtensionLoader(ExtensionLoaderFactory.java:50)
	at com.alipay.sofa.rpc.codec.SerializerFactory.buildLoader(SerializerFactory.java:53)
	at com.alipay.sofa.rpc.codec.SerializerFactory.<clinit>(SerializerFactory.java:50)
	at com.alipay.sofa.rpc.codec.bolt.SofaRpcSerialization.deserializeContent(SofaRpcSerialization.java:263)
	at com.alipay.remoting.rpc.protocol.RpcRequestCommand.deserializeContent(RpcRequestCommand.java:144)
	at com.alipay.remoting.rpc.RpcCommand.deserialize(RpcCommand.java:117)
	at com.alipay.remoting.rpc.RpcCommand.deserialize(RpcCommand.java:138)
	at com.alipay.remoting.rpc.protocol.RpcRequestProcessor.deserializeRequestCommand(RpcRequestProcessor.java:264)
	at com.alipay.remoting.rpc.protocol.RpcRequestProcessor.doProcess(RpcRequestProcessor.java:142)
	at com.alipay.remoting.rpc.protocol.RpcRequestProcessor$ProcessTask.run(RpcRequestProcessor.java:371)
	at java.util.concurrent.ThreadPoolExecutor.runWorker(ThreadPoolExecutor.java:1142)
	at java.util.concurrent.ThreadPoolExecutor$Worker.run(ThreadPoolExecutor.java:617)
	at java.lang.Thread.run(Thread.java:745)
Caused by: com.alipay.sofa.rpc.core.exception.SofaRpcRuntimeException: null
	at com.alipay.sofa.rpc.common.utils.ClassUtils.newInstance(ClassUtils.java:181)
	at com.alipay.sofa.rpc.common.utils.ClassUtils.newInstanceWithArgs(ClassUtils.java:198)
	at com.alipay.sofa.rpc.ext.ExtensionClass.getExtInstance(ExtensionClass.java:106)
	... 21 common frames omitted
Caused by: java.lang.reflect.InvocationTargetException: null
	at sun.reflect.NativeConstructorAccessorImpl.newInstance0(Native Method)
	at sun.reflect.NativeConstructorAccessorImpl.newInstance(NativeConstructorAccessorImpl.java:62)
	at sun.reflect.DelegatingConstructorAccessorImpl.newInstance(DelegatingConstructorAccessorImpl.java:45)
	at java.lang.reflect.Constructor.newInstance(Constructor.java:408)
	at com.alipay.sofa.rpc.common.utils.ClassUtils.newInstance(ClassUtils.java:177)
	... 23 common frames omitted
Caused by: java.lang.NoClassDefFoundError: com/fasterxml/jackson/databind/ObjectMapper
	at com.alipay.sofa.rpc.codec.jackson.JacksonSerializer.<init>(JacksonSerializer.java:60)
	... 28 common frames omitted
2020-12-02 13:26:14,262 ERROR SOFA-SEV-BOLT-BIZ-22200-3-T1     - Error when load extension of extensible interface com.alipay.sofa.rpc.codec.Serializer with alias: json.
com.alipay.sofa.rpc.core.exception.SofaRpcRuntimeException: create com.alipay.sofa.rpc.codec.jackson.JacksonSerializer instance error
	at com.alipay.sofa.rpc.ext.ExtensionClass.getExtInstance(ExtensionClass.java:115)
	at com.alipay.sofa.rpc.ext.ExtensionClass.getExtInstance(ExtensionClass.java:89)
	at com.alipay.sofa.rpc.codec.SerializerFactory$1.onLoad(SerializerFactory.java:58)
	at com.alipay.sofa.rpc.ext.ExtensionLoader.loadSuccess(ExtensionLoader.java:359)
	at com.alipay.sofa.rpc.ext.ExtensionLoader.readLine(ExtensionLoader.java:342)
	at com.alipay.sofa.rpc.ext.ExtensionLoader.loadFromClassLoader(ExtensionLoader.java:184)
	at com.alipay.sofa.rpc.ext.ExtensionLoader.loadFromFile(ExtensionLoader.java:158)
	at com.alipay.sofa.rpc.ext.ExtensionLoader.<init>(ExtensionLoader.java:141)
	at com.alipay.sofa.rpc.ext.ExtensionLoader.<init>(ExtensionLoader.java:91)
	at com.alipay.sofa.rpc.ext.ExtensionLoaderFactory.getExtensionLoader(ExtensionLoaderFactory.java:50)
	at com.alipay.sofa.rpc.codec.SerializerFactory.buildLoader(SerializerFactory.java:53)
	at com.alipay.sofa.rpc.codec.SerializerFactory.<clinit>(SerializerFactory.java:50)
	at com.alipay.sofa.rpc.codec.bolt.SofaRpcSerialization.deserializeContent(SofaRpcSerialization.java:263)
	at com.alipay.remoting.rpc.protocol.RpcRequestCommand.deserializeContent(RpcRequestCommand.java:144)
	at com.alipay.remoting.rpc.RpcCommand.deserialize(RpcCommand.java:117)
	at com.alipay.remoting.rpc.RpcCommand.deserialize(RpcCommand.java:138)
	at com.alipay.remoting.rpc.protocol.RpcRequestProcessor.deserializeRequestCommand(RpcRequestProcessor.java:264)
	at com.alipay.remoting.rpc.protocol.RpcRequestProcessor.doProcess(RpcRequestProcessor.java:142)
	at com.alipay.remoting.rpc.protocol.RpcRequestProcessor$ProcessTask.run(RpcRequestProcessor.java:371)
	at java.util.concurrent.ThreadPoolExecutor.runWorker(ThreadPoolExecutor.java:1142)
	at java.util.concurrent.ThreadPoolExecutor$Worker.run(ThreadPoolExecutor.java:617)
	at java.lang.Thread.run(Thread.java:745)
Caused by: com.alipay.sofa.rpc.core.exception.SofaRpcRuntimeException: null
	at com.alipay.sofa.rpc.common.utils.ClassUtils.newInstance(ClassUtils.java:181)
	at com.alipay.sofa.rpc.common.utils.ClassUtils.newInstanceWithArgs(ClassUtils.java:198)
	at com.alipay.sofa.rpc.ext.ExtensionClass.getExtInstance(ExtensionClass.java:106)
	... 21 common frames omitted
Caused by: java.lang.reflect.InvocationTargetException: null
	at sun.reflect.NativeConstructorAccessorImpl.newInstance0(Native Method)
	at sun.reflect.NativeConstructorAccessorImpl.newInstance(NativeConstructorAccessorImpl.java:62)
	at sun.reflect.DelegatingConstructorAccessorImpl.newInstance(DelegatingConstructorAccessorImpl.java:45)
	at java.lang.reflect.Constructor.newInstance(Constructor.java:408)
	at com.alipay.sofa.rpc.common.utils.ClassUtils.newInstance(ClassUtils.java:177)
	... 23 common frames omitted
Caused by: java.lang.NoClassDefFoundError: com/fasterxml/jackson/databind/ObjectMapper
	at com.alipay.sofa.rpc.codec.jackson.JacksonSerializer.<init>(JacksonSerializer.java:60)
	... 28 common frames omitted
2020-12-02 13:27:08,770 ERROR SOFA-SEV-BOLT-BIZ-22200-3-T1     - Error when load extension of extensible interface com.alipay.sofa.rpc.codec.Serializer with alias: json.
com.alipay.sofa.rpc.core.exception.SofaRpcRuntimeException: create com.alipay.sofa.rpc.codec.jackson.JacksonSerializer instance error
	at com.alipay.sofa.rpc.ext.ExtensionClass.getExtInstance(ExtensionClass.java:115)
	at com.alipay.sofa.rpc.ext.ExtensionClass.getExtInstance(ExtensionClass.java:89)
	at com.alipay.sofa.rpc.codec.SerializerFactory$1.onLoad(SerializerFactory.java:58)
	at com.alipay.sofa.rpc.ext.ExtensionLoader.loadSuccess(ExtensionLoader.java:359)
	at com.alipay.sofa.rpc.ext.ExtensionLoader.readLine(ExtensionLoader.java:342)
	at com.alipay.sofa.rpc.ext.ExtensionLoader.loadFromClassLoader(ExtensionLoader.java:184)
	at com.alipay.sofa.rpc.ext.ExtensionLoader.loadFromFile(ExtensionLoader.java:158)
	at com.alipay.sofa.rpc.ext.ExtensionLoader.<init>(ExtensionLoader.java:141)
	at com.alipay.sofa.rpc.ext.ExtensionLoader.<init>(ExtensionLoader.java:91)
	at com.alipay.sofa.rpc.ext.ExtensionLoaderFactory.getExtensionLoader(ExtensionLoaderFactory.java:50)
	at com.alipay.sofa.rpc.codec.SerializerFactory.buildLoader(SerializerFactory.java:53)
	at com.alipay.sofa.rpc.codec.SerializerFactory.<clinit>(SerializerFactory.java:50)
	at com.alipay.sofa.rpc.codec.bolt.SofaRpcSerialization.deserializeContent(SofaRpcSerialization.java:263)
	at com.alipay.remoting.rpc.protocol.RpcRequestCommand.deserializeContent(RpcRequestCommand.java:144)
	at com.alipay.remoting.rpc.RpcCommand.deserialize(RpcCommand.java:117)
	at com.alipay.remoting.rpc.RpcCommand.deserialize(RpcCommand.java:138)
	at com.alipay.remoting.rpc.protocol.RpcRequestProcessor.deserializeRequestCommand(RpcRequestProcessor.java:264)
	at com.alipay.remoting.rpc.protocol.RpcRequestProcessor.doProcess(RpcRequestProcessor.java:142)
	at com.alipay.remoting.rpc.protocol.RpcRequestProcessor$ProcessTask.run(RpcRequestProcessor.java:371)
	at java.util.concurrent.ThreadPoolExecutor.runWorker(ThreadPoolExecutor.java:1142)
	at java.util.concurrent.ThreadPoolExecutor$Worker.run(ThreadPoolExecutor.java:617)
	at java.lang.Thread.run(Thread.java:745)
Caused by: com.alipay.sofa.rpc.core.exception.SofaRpcRuntimeException: null
	at com.alipay.sofa.rpc.common.utils.ClassUtils.newInstance(ClassUtils.java:181)
	at com.alipay.sofa.rpc.common.utils.ClassUtils.newInstanceWithArgs(ClassUtils.java:198)
	at com.alipay.sofa.rpc.ext.ExtensionClass.getExtInstance(ExtensionClass.java:106)
	... 21 common frames omitted
Caused by: java.lang.reflect.InvocationTargetException: null
	at sun.reflect.NativeConstructorAccessorImpl.newInstance0(Native Method)
	at sun.reflect.NativeConstructorAccessorImpl.newInstance(NativeConstructorAccessorImpl.java:62)
	at sun.reflect.DelegatingConstructorAccessorImpl.newInstance(DelegatingConstructorAccessorImpl.java:45)
	at java.lang.reflect.Constructor.newInstance(Constructor.java:408)
	at com.alipay.sofa.rpc.common.utils.ClassUtils.newInstance(ClassUtils.java:177)
	... 23 common frames omitted
Caused by: java.lang.NoClassDefFoundError: com/fasterxml/jackson/databind/ObjectMapper
	at com.alipay.sofa.rpc.codec.jackson.JacksonSerializer.<init>(JacksonSerializer.java:60)
	... 28 common frames omitted
2020-12-02 13:29:12,653 ERROR SOFA-SEV-BOLT-BIZ-22200-3-T1     - Error when load extension of extensible interface com.alipay.sofa.rpc.codec.Serializer with alias: json.
com.alipay.sofa.rpc.core.exception.SofaRpcRuntimeException: create com.alipay.sofa.rpc.codec.jackson.JacksonSerializer instance error
	at com.alipay.sofa.rpc.ext.ExtensionClass.getExtInstance(ExtensionClass.java:115)
	at com.alipay.sofa.rpc.ext.ExtensionClass.getExtInstance(ExtensionClass.java:89)
	at com.alipay.sofa.rpc.codec.SerializerFactory$1.onLoad(SerializerFactory.java:58)
	at com.alipay.sofa.rpc.ext.ExtensionLoader.loadSuccess(ExtensionLoader.java:359)
	at com.alipay.sofa.rpc.ext.ExtensionLoader.readLine(ExtensionLoader.java:342)
	at com.alipay.sofa.rpc.ext.ExtensionLoader.loadFromClassLoader(ExtensionLoader.java:184)
	at com.alipay.sofa.rpc.ext.ExtensionLoader.loadFromFile(ExtensionLoader.java:158)
	at com.alipay.sofa.rpc.ext.ExtensionLoader.<init>(ExtensionLoader.java:141)
	at com.alipay.sofa.rpc.ext.ExtensionLoader.<init>(ExtensionLoader.java:91)
	at com.alipay.sofa.rpc.ext.ExtensionLoaderFactory.getExtensionLoader(ExtensionLoaderFactory.java:50)
	at com.alipay.sofa.rpc.codec.SerializerFactory.buildLoader(SerializerFactory.java:53)
	at com.alipay.sofa.rpc.codec.SerializerFactory.<clinit>(SerializerFactory.java:50)
	at com.alipay.sofa.rpc.codec.bolt.SofaRpcSerialization.deserializeContent(SofaRpcSerialization.java:263)
	at com.alipay.remoting.rpc.protocol.RpcRequestCommand.deserializeContent(RpcRequestCommand.java:144)
	at com.alipay.remoting.rpc.RpcCommand.deserialize(RpcCommand.java:117)
	at com.alipay.remoting.rpc.RpcCommand.deserialize(RpcCommand.java:138)
	at com.alipay.remoting.rpc.protocol.RpcRequestProcessor.deserializeRequestCommand(RpcRequestProcessor.java:264)
	at com.alipay.remoting.rpc.protocol.RpcRequestProcessor.doProcess(RpcRequestProcessor.java:142)
	at com.alipay.remoting.rpc.protocol.RpcRequestProcessor$ProcessTask.run(RpcRequestProcessor.java:371)
	at java.util.concurrent.ThreadPoolExecutor.runWorker(ThreadPoolExecutor.java:1142)
	at java.util.concurrent.ThreadPoolExecutor$Worker.run(ThreadPoolExecutor.java:617)
	at java.lang.Thread.run(Thread.java:745)
Caused by: com.alipay.sofa.rpc.core.exception.SofaRpcRuntimeException: null
	at com.alipay.sofa.rpc.common.utils.ClassUtils.newInstance(ClassUtils.java:181)
	at com.alipay.sofa.rpc.common.utils.ClassUtils.newInstanceWithArgs(ClassUtils.java:198)
	at com.alipay.sofa.rpc.ext.ExtensionClass.getExtInstance(ExtensionClass.java:106)
	... 21 common frames omitted
Caused by: java.lang.reflect.InvocationTargetException: null
	at sun.reflect.NativeConstructorAccessorImpl.newInstance0(Native Method)
	at sun.reflect.NativeConstructorAccessorImpl.newInstance(NativeConstructorAccessorImpl.java:62)
	at sun.reflect.DelegatingConstructorAccessorImpl.newInstance(DelegatingConstructorAccessorImpl.java:45)
	at java.lang.reflect.Constructor.newInstance(Constructor.java:408)
	at com.alipay.sofa.rpc.common.utils.ClassUtils.newInstance(ClassUtils.java:177)
	... 23 common frames omitted
Caused by: java.lang.NoClassDefFoundError: com/fasterxml/jackson/databind/ObjectMapper
	at com.alipay.sofa.rpc.codec.jackson.JacksonSerializer.<init>(JacksonSerializer.java:60)
	... 28 common frames omitted
2020-12-02 13:38:27,275 ERROR SOFA-SEV-BOLT-BIZ-22200-3-T1     - Error when load extension of extensible interface com.alipay.sofa.rpc.codec.Serializer with alias: json.
com.alipay.sofa.rpc.core.exception.SofaRpcRuntimeException: create com.alipay.sofa.rpc.codec.jackson.JacksonSerializer instance error
	at com.alipay.sofa.rpc.ext.ExtensionClass.getExtInstance(ExtensionClass.java:115)
	at com.alipay.sofa.rpc.ext.ExtensionClass.getExtInstance(ExtensionClass.java:89)
	at com.alipay.sofa.rpc.codec.SerializerFactory$1.onLoad(SerializerFactory.java:58)
	at com.alipay.sofa.rpc.ext.ExtensionLoader.loadSuccess(ExtensionLoader.java:359)
	at com.alipay.sofa.rpc.ext.ExtensionLoader.readLine(ExtensionLoader.java:342)
	at com.alipay.sofa.rpc.ext.ExtensionLoader.loadFromClassLoader(ExtensionLoader.java:184)
	at com.alipay.sofa.rpc.ext.ExtensionLoader.loadFromFile(ExtensionLoader.java:158)
	at com.alipay.sofa.rpc.ext.ExtensionLoader.<init>(ExtensionLoader.java:141)
	at com.alipay.sofa.rpc.ext.ExtensionLoader.<init>(ExtensionLoader.java:91)
	at com.alipay.sofa.rpc.ext.ExtensionLoaderFactory.getExtensionLoader(ExtensionLoaderFactory.java:50)
	at com.alipay.sofa.rpc.codec.SerializerFactory.buildLoader(SerializerFactory.java:53)
	at com.alipay.sofa.rpc.codec.SerializerFactory.<clinit>(SerializerFactory.java:50)
	at com.alipay.sofa.rpc.codec.bolt.SofaRpcSerialization.deserializeContent(SofaRpcSerialization.java:263)
	at com.alipay.remoting.rpc.protocol.RpcRequestCommand.deserializeContent(RpcRequestCommand.java:144)
	at com.alipay.remoting.rpc.RpcCommand.deserialize(RpcCommand.java:117)
	at com.alipay.remoting.rpc.RpcCommand.deserialize(RpcCommand.java:138)
	at com.alipay.remoting.rpc.protocol.RpcRequestProcessor.deserializeRequestCommand(RpcRequestProcessor.java:264)
	at com.alipay.remoting.rpc.protocol.RpcRequestProcessor.doProcess(RpcRequestProcessor.java:142)
	at com.alipay.remoting.rpc.protocol.RpcRequestProcessor$ProcessTask.run(RpcRequestProcessor.java:371)
	at java.util.concurrent.ThreadPoolExecutor.runWorker(ThreadPoolExecutor.java:1142)
	at java.util.concurrent.ThreadPoolExecutor$Worker.run(ThreadPoolExecutor.java:617)
	at java.lang.Thread.run(Thread.java:745)
Caused by: com.alipay.sofa.rpc.core.exception.SofaRpcRuntimeException: null
	at com.alipay.sofa.rpc.common.utils.ClassUtils.newInstance(ClassUtils.java:181)
	at com.alipay.sofa.rpc.common.utils.ClassUtils.newInstanceWithArgs(ClassUtils.java:198)
	at com.alipay.sofa.rpc.ext.ExtensionClass.getExtInstance(ExtensionClass.java:106)
	... 21 common frames omitted
Caused by: java.lang.reflect.InvocationTargetException: null
	at sun.reflect.NativeConstructorAccessorImpl.newInstance0(Native Method)
	at sun.reflect.NativeConstructorAccessorImpl.newInstance(NativeConstructorAccessorImpl.java:62)
	at sun.reflect.DelegatingConstructorAccessorImpl.newInstance(DelegatingConstructorAccessorImpl.java:45)
	at java.lang.reflect.Constructor.newInstance(Constructor.java:408)
	at com.alipay.sofa.rpc.common.utils.ClassUtils.newInstance(ClassUtils.java:177)
	... 23 common frames omitted
Caused by: java.lang.NoClassDefFoundError: com/fasterxml/jackson/databind/ObjectMapper
	at com.alipay.sofa.rpc.codec.jackson.JacksonSerializer.<init>(JacksonSerializer.java:60)
	... 28 common frames omitted
2020-12-02 13:40:25,112 ERROR SOFA-SEV-BOLT-BIZ-22200-3-T1     - Error when load extension of extensible interface com.alipay.sofa.rpc.codec.Serializer with alias: json.
com.alipay.sofa.rpc.core.exception.SofaRpcRuntimeException: create com.alipay.sofa.rpc.codec.jackson.JacksonSerializer instance error
	at com.alipay.sofa.rpc.ext.ExtensionClass.getExtInstance(ExtensionClass.java:115)
	at com.alipay.sofa.rpc.ext.ExtensionClass.getExtInstance(ExtensionClass.java:89)
	at com.alipay.sofa.rpc.codec.SerializerFactory$1.onLoad(SerializerFactory.java:58)
	at com.alipay.sofa.rpc.ext.ExtensionLoader.loadSuccess(ExtensionLoader.java:359)
	at com.alipay.sofa.rpc.ext.ExtensionLoader.readLine(ExtensionLoader.java:342)
	at com.alipay.sofa.rpc.ext.ExtensionLoader.loadFromClassLoader(ExtensionLoader.java:184)
	at com.alipay.sofa.rpc.ext.ExtensionLoader.loadFromFile(ExtensionLoader.java:158)
	at com.alipay.sofa.rpc.ext.ExtensionLoader.<init>(ExtensionLoader.java:141)
	at com.alipay.sofa.rpc.ext.ExtensionLoader.<init>(ExtensionLoader.java:91)
	at com.alipay.sofa.rpc.ext.ExtensionLoaderFactory.getExtensionLoader(ExtensionLoaderFactory.java:50)
	at com.alipay.sofa.rpc.codec.SerializerFactory.buildLoader(SerializerFactory.java:53)
	at com.alipay.sofa.rpc.codec.SerializerFactory.<clinit>(SerializerFactory.java:50)
	at com.alipay.sofa.rpc.codec.bolt.SofaRpcSerialization.deserializeContent(SofaRpcSerialization.java:263)
	at com.alipay.remoting.rpc.protocol.RpcRequestCommand.deserializeContent(RpcRequestCommand.java:144)
	at com.alipay.remoting.rpc.RpcCommand.deserialize(RpcCommand.java:117)
	at com.alipay.remoting.rpc.RpcCommand.deserialize(RpcCommand.java:138)
	at com.alipay.remoting.rpc.protocol.RpcRequestProcessor.deserializeRequestCommand(RpcRequestProcessor.java:264)
	at com.alipay.remoting.rpc.protocol.RpcRequestProcessor.doProcess(RpcRequestProcessor.java:142)
	at com.alipay.remoting.rpc.protocol.RpcRequestProcessor$ProcessTask.run(RpcRequestProcessor.java:371)
	at java.util.concurrent.ThreadPoolExecutor.runWorker(ThreadPoolExecutor.java:1142)
	at java.util.concurrent.ThreadPoolExecutor$Worker.run(ThreadPoolExecutor.java:617)
	at java.lang.Thread.run(Thread.java:745)
Caused by: com.alipay.sofa.rpc.core.exception.SofaRpcRuntimeException: null
	at com.alipay.sofa.rpc.common.utils.ClassUtils.newInstance(ClassUtils.java:181)
	at com.alipay.sofa.rpc.common.utils.ClassUtils.newInstanceWithArgs(ClassUtils.java:198)
	at com.alipay.sofa.rpc.ext.ExtensionClass.getExtInstance(ExtensionClass.java:106)
	... 21 common frames omitted
Caused by: java.lang.reflect.InvocationTargetException: null
	at sun.reflect.NativeConstructorAccessorImpl.newInstance0(Native Method)
	at sun.reflect.NativeConstructorAccessorImpl.newInstance(NativeConstructorAccessorImpl.java:62)
	at sun.reflect.DelegatingConstructorAccessorImpl.newInstance(DelegatingConstructorAccessorImpl.java:45)
	at java.lang.reflect.Constructor.newInstance(Constructor.java:408)
	at com.alipay.sofa.rpc.common.utils.ClassUtils.newInstance(ClassUtils.java:177)
	... 23 common frames omitted
Caused by: java.lang.NoClassDefFoundError: com/fasterxml/jackson/databind/ObjectMapper
	at com.alipay.sofa.rpc.codec.jackson.JacksonSerializer.<init>(JacksonSerializer.java:60)
	... 28 common frames omitted
2020-12-02 13:41:43,770 ERROR SOFA-SEV-BOLT-BIZ-22200-3-T1     - Error when load extension of extensible interface com.alipay.sofa.rpc.codec.Serializer with alias: json.
com.alipay.sofa.rpc.core.exception.SofaRpcRuntimeException: create com.alipay.sofa.rpc.codec.jackson.JacksonSerializer instance error
	at com.alipay.sofa.rpc.ext.ExtensionClass.getExtInstance(ExtensionClass.java:115)
	at com.alipay.sofa.rpc.ext.ExtensionClass.getExtInstance(ExtensionClass.java:89)
	at com.alipay.sofa.rpc.codec.SerializerFactory$1.onLoad(SerializerFactory.java:58)
	at com.alipay.sofa.rpc.ext.ExtensionLoader.loadSuccess(ExtensionLoader.java:359)
	at com.alipay.sofa.rpc.ext.ExtensionLoader.readLine(ExtensionLoader.java:342)
	at com.alipay.sofa.rpc.ext.ExtensionLoader.loadFromClassLoader(ExtensionLoader.java:184)
	at com.alipay.sofa.rpc.ext.ExtensionLoader.loadFromFile(ExtensionLoader.java:158)
	at com.alipay.sofa.rpc.ext.ExtensionLoader.<init>(ExtensionLoader.java:141)
	at com.alipay.sofa.rpc.ext.ExtensionLoader.<init>(ExtensionLoader.java:91)
	at com.alipay.sofa.rpc.ext.ExtensionLoaderFactory.getExtensionLoader(ExtensionLoaderFactory.java:50)
	at com.alipay.sofa.rpc.codec.SerializerFactory.buildLoader(SerializerFactory.java:53)
	at com.alipay.sofa.rpc.codec.SerializerFactory.<clinit>(SerializerFactory.java:50)
	at com.alipay.sofa.rpc.codec.bolt.SofaRpcSerialization.deserializeContent(SofaRpcSerialization.java:263)
	at com.alipay.remoting.rpc.protocol.RpcRequestCommand.deserializeContent(RpcRequestCommand.java:144)
	at com.alipay.remoting.rpc.RpcCommand.deserialize(RpcCommand.java:117)
	at com.alipay.remoting.rpc.RpcCommand.deserialize(RpcCommand.java:138)
	at com.alipay.remoting.rpc.protocol.RpcRequestProcessor.deserializeRequestCommand(RpcRequestProcessor.java:264)
	at com.alipay.remoting.rpc.protocol.RpcRequestProcessor.doProcess(RpcRequestProcessor.java:142)
	at com.alipay.remoting.rpc.protocol.RpcRequestProcessor$ProcessTask.run(RpcRequestProcessor.java:371)
	at java.util.concurrent.ThreadPoolExecutor.runWorker(ThreadPoolExecutor.java:1142)
	at java.util.concurrent.ThreadPoolExecutor$Worker.run(ThreadPoolExecutor.java:617)
	at java.lang.Thread.run(Thread.java:745)
Caused by: com.alipay.sofa.rpc.core.exception.SofaRpcRuntimeException: null
	at com.alipay.sofa.rpc.common.utils.ClassUtils.newInstance(ClassUtils.java:181)
	at com.alipay.sofa.rpc.common.utils.ClassUtils.newInstanceWithArgs(ClassUtils.java:198)
	at com.alipay.sofa.rpc.ext.ExtensionClass.getExtInstance(ExtensionClass.java:106)
	... 21 common frames omitted
Caused by: java.lang.reflect.InvocationTargetException: null
	at sun.reflect.NativeConstructorAccessorImpl.newInstance0(Native Method)
	at sun.reflect.NativeConstructorAccessorImpl.newInstance(NativeConstructorAccessorImpl.java:62)
	at sun.reflect.DelegatingConstructorAccessorImpl.newInstance(DelegatingConstructorAccessorImpl.java:45)
	at java.lang.reflect.Constructor.newInstance(Constructor.java:408)
	at com.alipay.sofa.rpc.common.utils.ClassUtils.newInstance(ClassUtils.java:177)
	... 23 common frames omitted
Caused by: java.lang.NoClassDefFoundError: com/fasterxml/jackson/databind/ObjectMapper
	at com.alipay.sofa.rpc.codec.jackson.JacksonSerializer.<init>(JacksonSerializer.java:60)
	... 28 common frames omitted
2020-12-02 14:02:16,278 ERROR SOFA-SEV-BOLT-BIZ-22200-3-T1     - Error when load extension of extensible interface com.alipay.sofa.rpc.codec.Serializer with alias: json.
com.alipay.sofa.rpc.core.exception.SofaRpcRuntimeException: create com.alipay.sofa.rpc.codec.jackson.JacksonSerializer instance error
	at com.alipay.sofa.rpc.ext.ExtensionClass.getExtInstance(ExtensionClass.java:115)
	at com.alipay.sofa.rpc.ext.ExtensionClass.getExtInstance(ExtensionClass.java:89)
	at com.alipay.sofa.rpc.codec.SerializerFactory$1.onLoad(SerializerFactory.java:58)
	at com.alipay.sofa.rpc.ext.ExtensionLoader.loadSuccess(ExtensionLoader.java:359)
	at com.alipay.sofa.rpc.ext.ExtensionLoader.readLine(ExtensionLoader.java:342)
	at com.alipay.sofa.rpc.ext.ExtensionLoader.loadFromClassLoader(ExtensionLoader.java:184)
	at com.alipay.sofa.rpc.ext.ExtensionLoader.loadFromFile(ExtensionLoader.java:158)
	at com.alipay.sofa.rpc.ext.ExtensionLoader.<init>(ExtensionLoader.java:141)
	at com.alipay.sofa.rpc.ext.ExtensionLoader.<init>(ExtensionLoader.java:91)
	at com.alipay.sofa.rpc.ext.ExtensionLoaderFactory.getExtensionLoader(ExtensionLoaderFactory.java:50)
	at com.alipay.sofa.rpc.codec.SerializerFactory.buildLoader(SerializerFactory.java:53)
	at com.alipay.sofa.rpc.codec.SerializerFactory.<clinit>(SerializerFactory.java:50)
	at com.alipay.sofa.rpc.codec.bolt.SofaRpcSerialization.deserializeContent(SofaRpcSerialization.java:263)
	at com.alipay.remoting.rpc.protocol.RpcRequestCommand.deserializeContent(RpcRequestCommand.java:144)
	at com.alipay.remoting.rpc.RpcCommand.deserialize(RpcCommand.java:117)
	at com.alipay.remoting.rpc.RpcCommand.deserialize(RpcCommand.java:138)
	at com.alipay.remoting.rpc.protocol.RpcRequestProcessor.deserializeRequestCommand(RpcRequestProcessor.java:264)
	at com.alipay.remoting.rpc.protocol.RpcRequestProcessor.doProcess(RpcRequestProcessor.java:142)
	at com.alipay.remoting.rpc.protocol.RpcRequestProcessor$ProcessTask.run(RpcRequestProcessor.java:371)
	at java.util.concurrent.ThreadPoolExecutor.runWorker(ThreadPoolExecutor.java:1142)
	at java.util.concurrent.ThreadPoolExecutor$Worker.run(ThreadPoolExecutor.java:617)
	at java.lang.Thread.run(Thread.java:745)
Caused by: com.alipay.sofa.rpc.core.exception.SofaRpcRuntimeException: null
	at com.alipay.sofa.rpc.common.utils.ClassUtils.newInstance(ClassUtils.java:181)
	at com.alipay.sofa.rpc.common.utils.ClassUtils.newInstanceWithArgs(ClassUtils.java:198)
	at com.alipay.sofa.rpc.ext.ExtensionClass.getExtInstance(ExtensionClass.java:106)
	... 21 common frames omitted
Caused by: java.lang.reflect.InvocationTargetException: null
	at sun.reflect.NativeConstructorAccessorImpl.newInstance0(Native Method)
	at sun.reflect.NativeConstructorAccessorImpl.newInstance(NativeConstructorAccessorImpl.java:62)
	at sun.reflect.DelegatingConstructorAccessorImpl.newInstance(DelegatingConstructorAccessorImpl.java:45)
	at java.lang.reflect.Constructor.newInstance(Constructor.java:408)
	at com.alipay.sofa.rpc.common.utils.ClassUtils.newInstance(ClassUtils.java:177)
	... 23 common frames omitted
Caused by: java.lang.NoClassDefFoundError: com/fasterxml/jackson/databind/ObjectMapper
	at com.alipay.sofa.rpc.codec.jackson.JacksonSerializer.<init>(JacksonSerializer.java:60)
	... 28 common frames omitted
