2021-02-07 09:42:14,719 WARN  main                             com.alipay.sofa.rpc.registry.sofa.SofaRegistryHelper - Virtual host is specified, host will be change from 0.0.0.0 to 192.168.177.1 when register
2021-02-07 09:42:14,723 INFO  main                             com.alipay.sofa.rpc.registry.sofa.SofaRegistry - RPC-00205: RPC 服务[com.example.sofabootservice.service.IDeptService:1.0@DEFAULT]发布开始 
2021-02-07 09:42:14,820 INFO  main                             com.alipay.sofa.rpc.registry.sofa.SofaRegistry - RPC-00206: RPC 服务[com.example.sofabootservice.service.IDeptService:1.0@DEFAULT]发布结束 
2021-02-07 10:00:21,759 INFO  Thread-15                        com.alipay.sofa.rpc.registry.sofa.SofaRegistry - RPC-00203: 注销 RPC 服务：服务名[com.example.sofabootservice.service.IDeptService:1.0@DEFAULT]	数量[1] 
2021-02-07 10:00:21,759 INFO  SOFA-RPC-ShutdownHook            com.alipay.sofa.rpc.registry.sofa.SofaRegistry - RPC-00203: 注销 RPC 服务：服务名[com.example.sofabootservice.service.IDeptService:1.0@DEFAULT]	数量[1] 
2021-02-07 10:00:27,814 WARN  main                             com.alipay.sofa.rpc.registry.sofa.SofaRegistryHelper - Virtual host is specified, host will be change from 0.0.0.0 to 192.168.177.1 when register
2021-02-07 10:00:27,816 INFO  main                             com.alipay.sofa.rpc.registry.sofa.SofaRegistry - RPC-00205: RPC 服务[com.example.sofabootservice.service.IDeptService:1.0@DEFAULT]发布开始 
2021-02-07 10:00:27,849 INFO  main                             com.alipay.sofa.rpc.registry.sofa.SofaRegistry - RPC-00206: RPC 服务[com.example.sofabootservice.service.IDeptService:1.0@DEFAULT]发布结束 
2021-02-07 10:01:21,605 INFO  Thread-12                        com.alipay.sofa.rpc.registry.sofa.SofaRegistry - RPC-00203: 注销 RPC 服务：服务名[com.example.sofabootservice.service.IDeptService:1.0@DEFAULT]	数量[1] 
2021-02-07 10:01:21,605 INFO  SOFA-RPC-ShutdownHook            com.alipay.sofa.rpc.registry.sofa.SofaRegistry - RPC-00203: 注销 RPC 服务：服务名[com.example.sofabootservice.service.IDeptService:1.0@DEFAULT]	数量[1] 
2021-02-07 10:45:18,818 WARN  main                             com.alipay.sofa.rpc.registry.sofa.SofaRegistryHelper - Virtual host is specified, host will be change from 0.0.0.0 to 192.168.177.1 when register
2021-02-07 10:45:18,820 INFO  main                             com.alipay.sofa.rpc.registry.sofa.SofaRegistry - RPC-00205: RPC 服务[com.example.sofabootservice.service.IDeptService:1.0@DEFAULT]发布开始 
2021-02-07 10:45:18,847 INFO  main                             com.alipay.sofa.rpc.registry.sofa.SofaRegistry - RPC-00206: RPC 服务[com.example.sofabootservice.service.IDeptService:1.0@DEFAULT]发布结束 
2021-02-07 10:46:18,109 INFO  ObserverNotifyThread-2-thread-1  com.alipay.sofa.rpc.registry.sofa.SofaRegistrySubscribeCallback - RPC-00204: 接收 RPC 服务地址：服务名[com.example.sofabootservice.service.IDeptService:1.0@DEFAULT]
  可调用目标地址[1]个
  --- DEFAULT_ZONE
   >>> 192.168.177.1:22200?rpcVer=50502&serialization=hessian2&weight=100&timeout=3000&appName=sofabootservice&p=1&v=4.0&_SERIALIZETYPE=hessian2&_WEIGHT=100&_TIMEOUT=3000&app_name=sofabootservice&startTime=1612665918819
 
2021-02-07 10:46:38,585 INFO  ObserverNotifyThread-2-thread-4  com.alipay.sofa.rpc.registry.sofa.SofaRegistrySubscribeCallback - Receive RPC config info: service[com.example.sofabootservice.service.IDeptService:1.0@DEFAULT]
  usable config info[0]

2021-02-07 10:46:38,585 INFO  ObserverNotifyThread-2-thread-3  com.alipay.sofa.rpc.registry.sofa.SofaRegistrySubscribeCallback - Receive RPC config info: service[com.example.sofabootservice.service.IDeptService:1.0@DEFAULT]
  usable config info[0]

2021-02-07 10:46:38,585 INFO  ObserverNotifyThread-2-thread-2  com.alipay.sofa.rpc.registry.sofa.SofaRegistrySubscribeCallback - Receive RPC config info: service[com.example.sofabootservice.service.IDeptService:1.0@DEFAULT]
  usable config info[0]

2021-02-07 10:46:38,585 INFO  ObserverNotifyThread-2-thread-1  com.alipay.sofa.rpc.registry.sofa.SofaRegistrySubscribeCallback - Receive RPC config info: service[com.example.sofabootservice.service.IDeptService:1.0@DEFAULT]
  usable config info[0]

2021-02-07 10:46:38,585 INFO  ObserverNotifyThread-2-thread-5  com.alipay.sofa.rpc.registry.sofa.SofaRegistrySubscribeCallback - Receive RPC config info: service[com.example.sofabootservice.service.IDeptService:1.0@DEFAULT]
  usable config info[0]

2021-02-07 10:46:38,586 INFO  ObserverNotifyThread-2-thread-1  com.alipay.sofa.rpc.registry.sofa.SofaRegistrySubscribeCallback - Receive RPC config info: service[com.example.sofabootservice.service.IDeptService:1.0@DEFAULT]
  usable config info[0]

2021-02-07 10:46:38,586 INFO  ObserverNotifyThread-2-thread-5  com.alipay.sofa.rpc.registry.sofa.SofaRegistrySubscribeCallback - Receive RPC config info: service[com.example.sofabootservice.service.IDeptService:1.0@DEFAULT]
  usable config info[0]

2021-02-07 10:46:38,587 INFO  ObserverNotifyThread-2-thread-3  com.alipay.sofa.rpc.registry.sofa.SofaRegistrySubscribeCallback - Receive RPC config info: service[com.example.sofabootservice.service.IDeptService:1.0@DEFAULT]
  usable config info[0]

2021-02-07 10:46:38,587 INFO  ObserverNotifyThread-2-thread-4  com.alipay.sofa.rpc.registry.sofa.SofaRegistrySubscribeCallback - Receive RPC config info: service[com.example.sofabootservice.service.IDeptService:1.0@DEFAULT]
  usable config info[0]

2021-02-07 10:46:38,587 INFO  ObserverNotifyThread-2-thread-2  com.alipay.sofa.rpc.registry.sofa.SofaRegistrySubscribeCallback - Receive RPC config info: service[com.example.sofabootservice.service.IDeptService:1.0@DEFAULT]
  usable config info[0]

2021-02-07 10:46:38,587 INFO  ObserverNotifyThread-2-thread-1  com.alipay.sofa.rpc.registry.sofa.SofaRegistrySubscribeCallback - Receive RPC config info: service[com.example.sofabootservice.service.IDeptService:1.0@DEFAULT]
  usable config info[0]

2021-02-07 10:47:00,794 INFO  ObserverNotifyThread-2-thread-5  com.alipay.sofa.rpc.registry.sofa.SofaRegistrySubscribeCallback - RPC-00204: 接收 RPC 服务地址：服务名[com.example.sofabootservice.service.IDeptService:1.0@DEFAULT]
  可调用目标地址[1]个
  --- DEFAULT_ZONE
   >>> 192.168.177.1:22200?rpcVer=50502&serialization=hessian2&weight=100&timeout=3000&appName=sofabootservice&p=1&v=4.0&_SERIALIZETYPE=hessian2&_WEIGHT=100&_TIMEOUT=3000&app_name=sofabootservice&startTime=1612665918819
 
