2021-02-07 09:42:14,457 WARN  [RemotingServer#56] [main] Initialize the server.
2021-02-07 09:42:14,539 WARN  [RemotingServer#92] [main] Server started on 0.0.0.0:22200
2021-02-07 10:00:27,579 WARN  [RemotingServer#56] [main] Initialize the server.
2021-02-07 10:00:27,624 WARN  [RemotingServer#92] [main] Server started on 0.0.0.0:22200
2021-02-07 10:45:18,634 WARN  [RemotingServer#56] [main] Initialize the server.
2021-02-07 10:45:18,655 WARN  [RemotingServer#92] [main] Server started on 0.0.0.0:22200
2021-02-07 10:45:49,847 WARN  [BaseRemoting#90] [SyncConfigThread] Wait response, request id=3 timeout!
2021-02-07 10:46:19,059 WARN  [BaseRemoting#90] [RegistryWorkerThread] Wait response, request id=2 timeout!
2021-02-07 10:46:20,062 WARN  [BaseRemoting#90] [RegistryWorkerThread] Wait response, request id=3 timeout!
2021-02-07 10:46:20,858 WARN  [BaseRemoting#90] [SyncConfigThread] Wait response, request id=8 timeout!
2021-02-07 10:46:21,064 WARN  [BaseRemoting#90] [RegistryWorkerThread] Wait response, request id=4 timeout!
2021-02-07 10:46:22,065 WARN  [BaseRemoting#90] [RegistryWorkerThread] Wait response, request id=5 timeout!
2021-02-07 10:46:23,066 WARN  [BaseRemoting#90] [RegistryWorkerThread] Wait response, request id=6 timeout!
2021-02-07 10:46:24,069 WARN  [BaseRemoting#90] [RegistryWorkerThread] Wait response, request id=7 timeout!
2021-02-07 10:46:25,070 WARN  [BaseRemoting#90] [RegistryWorkerThread] Wait response, request id=8 timeout!
2021-02-07 10:46:26,071 WARN  [BaseRemoting#90] [RegistryWorkerThread] Wait response, request id=9 timeout!
2021-02-07 10:46:27,073 WARN  [BaseRemoting#90] [RegistryWorkerThread] Wait response, request id=10 timeout!
2021-02-07 10:46:28,074 WARN  [BaseRemoting#90] [RegistryWorkerThread] Wait response, request id=11 timeout!
2021-02-07 10:46:48,819 WARN  [BaseRemoting#90] [SyncConfigThread] Wait response, request id=14 timeout!
2021-02-07 10:46:49,860 INFO  [Connection$1#308] [Rpc-netty-client-worker-6-thread-1] Close the connection to remote address=10.1.50.135:9600, result=true, cause=null
2021-02-07 10:46:49,861 WARN  [DefaultConnectionManager#339] [Rpc-netty-client-worker-6-thread-1] Remove and close the last connection in ConnectionPool with poolKey 10.1.50.135:9600
2021-02-07 10:46:51,325 WARN  [BaseRemoting#90] [RegistryWorkerThread] Wait response, request id=12 timeout!
2021-02-07 10:46:51,860 WARN  [BaseRemoting#90] [SyncConfigThread] Wait response, request id=13 timeout!
2021-02-07 10:46:52,326 WARN  [BaseRemoting#90] [RegistryWorkerThread] Wait response, request id=14 timeout!
2021-02-07 10:46:53,327 WARN  [BaseRemoting#90] [RegistryWorkerThread] Wait response, request id=15 timeout!
2021-02-07 10:46:54,329 WARN  [BaseRemoting#90] [RegistryWorkerThread] Wait response, request id=16 timeout!
2021-02-07 10:46:55,331 WARN  [BaseRemoting#90] [RegistryWorkerThread] Wait response, request id=17 timeout!
2021-02-07 10:46:56,332 WARN  [BaseRemoting#90] [RegistryWorkerThread] Wait response, request id=18 timeout!
2021-02-07 10:46:57,334 WARN  [BaseRemoting#90] [RegistryWorkerThread] Wait response, request id=19 timeout!
2021-02-07 10:46:58,335 WARN  [BaseRemoting#90] [RegistryWorkerThread] Wait response, request id=20 timeout!
